{"meta": {"format": 3, "version": "7.13.2", "timestamp": "2026-02-04T10:00:59.554103", "branch_coverage": true, "show_contexts": false}, "files": {"src/kmi_manager_cli/__init__.py": {"executed_lines": [3, 4], "summary": {"covered_lines": 2, "num_statements": 2, "percent_covered": 100.0, "percent_covered_display": "100", "missing_lines": 0, "excluded_lines": 0, "percent_statements_covered": 100.0, "percent_statements_covered_display": "100", "num_branches": 0, "num_partial_branches": 0, "covered_branches": 0, "missing_branches": 0, "percent_branches_covered": 100.0, "percent_branches_covered_display": "100"}, "missing_lines": [], "excluded_lines": [], "executed_branches": [], "missing_branches": [], "functions": {"": {"executed_lines": [3, 4], "summary": {"covered_lines": 2, "num_statements": 2, "percent_covered": 100.0, "percent_covered_display": "100", "missing_lines": 0, "excluded_lines": 0, "percent_statements_covered": 100.0, "percent_statements_covered_display": "100", "num_branches": 0, "num_partial_branches": 0, "covered_branches": 0, "missing_branches": 0, "percent_branches_covered": 100.0, "percent_branches_covered_display": "100"}, "missing_lines": [], "excluded_lines": [], "start_line": 1, "executed_branches": [], "missing_branches": []}}, "classes": {"": {"executed_lines": [3, 4], "summary": {"covered_lines": 2, "num_statements": 2, "percent_covered": 100.0, "percent_covered_display": "100", "missing_lines": 0, "excluded_lines": 0, "percent_statements_covered": 100.0, "percent_statements_covered_display": "100", "num_branches": 0, "num_partial_branches": 0, "covered_branches": 0, "missing_branches": 0, "percent_branches_covered": 100.0, "percent_branches_covered_display": "100"}, "missing_lines": [], "excluded_lines": [], "start_line": 1, "executed_branches": [], "missing_branches": []}}}, "src/kmi_manager_cli/audit.py": {"executed_lines": [1, 3, 5, 8, 9, 10, 11, 12, 13, 16, 17], "summary": {"covered_lines": 11, "num_statements": 11, "percent_covered": 100.0, "percent_covered_display": "100", "missing_lines": 0, "excluded_lines": 0, "percent_statements_covered": 100.0, "percent_statements_covered_display": "100", "num_branches": 4, "num_partial_branches": 0, "covered_branches": 4, "missing_branches": 0, "percent_branches_covered": 100.0, "percent_branches_covered_display": "100"}, "missing_lines": [], "excluded_lines": [], "executed_branches": [[9, 10], [9, 13], [11, 9], [11, 12]], "missing_branches": [], "functions": {"current_actor": {"executed_lines": [9, 10, 11, 12, 13], "summary": {"covered_lines": 5, "num_statements": 5, "percent_covered": 100.0, "percent_covered_display": "100", "missing_lines": 0, "excluded_lines": 0, "percent_statements_covered": 100.0, "percent_statements_covered_display": "100", "num_branches": 4, "num_partial_branches": 0, "covered_branches": 4, "missing_branches": 0, "percent_branches_covered": 100.0, "percent_branches_covered_display": "100"}, "missing_lines": [], "excluded_lines": [], "start_line": 8, "executed_branches": [[9, 10], [9, 13], [11, 9], [11, 12]], "missing_branches": []}, "log_audit_event": {"executed_lines": [17], "summary": {"covered_lines": 1, "num_statements": 1, "percent_covered": 100.0, "percent_covered_display": "100", "missing_lines": 0, "excluded_lines": 0, "percent_statements_covered": 100.0, "percent_statements_covered_display": "100", "num_branches": 0, "num_partial_branches": 0, "covered_branches": 0, "missing_branches": 0, "percent_branches_covered": 100.0, "percent_branches_covered_display": "100"}, "missing_lines": [], "excluded_lines": [], "start_line": 16, "executed_branches": [], "missing_branches": []}, "": {"executed_lines": [1, 3, 5, 8, 16], "summary": {"covered_lines": 5, "num_statements": 5, "percent_covered": 100.0, "percent_covered_display": "100", "missing_lines": 0, "excluded_lines": 0, "percent_statements_covered": 100.0, "percent_statements_covered_display": "100", "num_branches": 0, "num_partial_branches": 0, "covered_branches": 0, "missing_branches": 0, "percent_branches_covered": 100.0, "percent_branches_covered_display": "100"}, "missing_lines": [], "excluded_lines": [], "start_line": 1, "executed_branches": [], "missing_branches": []}}, "classes": {"": {"executed_lines": [1, 3, 5, 8, 9, 10, 11, 12, 13, 16, 17], "summary": {"covered_lines": 11, "num_statements": 11, "percent_covered": 100.0, "percent_covered_display": "100", "missing_lines": 0, "excluded_lines": 0, "percent_statements_covered": 100.0, "percent_statements_covered_display": "100", "num_branches": 4, "num_partial_branches": 0, "covered_branches": 4, "missing_branches": 0, "percent_branches_covered": 100.0, "percent_branches_covered_display": "100"}, "missing_lines": [], "excluded_lines": [], "start_line": 1, "executed_branches": [[9, 10], [9, 13], [11, 9], [11, 12]], "missing_branches": []}}}, "src/kmi_manager_cli/auth_accounts.py": {"executed_lines": [1, 3, 4, 5, 6, 7, 8, 9, 11, 13, 15, 16, 21, 51, 52, 53, 54, 55, 56, 57, 58, 61, 62, 65, 66, 67, 68, 69, 72, 73, 74, 75, 76, 79, 85, 86, 87, 88, 89, 92, 95, 96, 97, 98, 99, 100, 103, 104, 105, 106, 107, 108, 109, 112, 113, 114, 115, 116, 117, 120, 123, 126, 127, 128, 129, 130, 131, 132, 135, 136, 144, 145, 146, 147, 148, 149, 150, 153, 154, 155, 156, 157, 159, 162, 163, 164, 165, 166, 167, 168, 171, 172, 173, 174, 175, 178, 181, 182, 183, 184, 185, 186, 187, 188, 189, 190, 193, 194, 195, 196, 197, 198, 199, 200, 203, 213, 216, 217, 218, 219, 220, 221, 224, 225, 226, 227, 228, 229, 230, 231, 232, 233, 236, 237, 238, 248, 251, 252, 253, 254, 255, 256, 257, 258, 259, 260, 261, 262, 263, 264, 265, 266, 267, 268, 269, 272, 273, 274, 275, 276, 277, 280, 281, 282, 283, 293, 294, 295, 296, 297, 298, 299, 300, 303, 306, 307, 308, 309, 310, 311, 312, 313, 314, 315, 318, 320, 321, 322, 323, 326, 329, 330, 331, 332, 333, 335, 336, 337, 338, 339, 340, 341, 342, 344, 345, 346, 347, 348, 349, 350, 352, 353, 355, 356, 357, 358, 359, 360, 361, 371, 372, 373, 374, 375, 376, 377, 378, 379, 380], "summary": {"covered_lines": 229, "num_statements": 232, "percent_covered": 97.71428571428571, "percent_covered_display": "98", "missing_lines": 3, "excluded_lines": 2, "percent_statements_covered": 98.70689655172414, "percent_statements_covered_display": "99", "num_branches": 118, "num_partial_branches": 5, "covered_branches": 113, "missing_branches": 5, "percent_branches_covered": 95.76271186440678, "percent_branches_covered_display": "96"}, "missing_lines": [158, 351, 354], "excluded_lines": [17, 18], "executed_branches": [[74, 75], [74, 76], [106, 107], [106, 112], [107, 108], [107, 112], [108, 107], [108, 109], [112, 113], [112, 120], [113, 114], [113, 115], [116, 112], [116, 117], [126, 127], [126, 129], [127, 126], [127, 128], [129, 130], [129, 132], [130, 129], [130, 131], [136, 144], [136, 147], [145, 136], [145, 146], [147, 148], [147, 150], [148, 147], [148, 149], [155, 156], [155, 168], [157, 159], [163, 164], [163, 165], [165, 155], [165, 166], [166, 165], [166, 167], [173, 174], [173, 175], [184, 185], [184, 186], [188, 189], [188, 190], [193, 194], [193, 195], [197, 198], [197, 199], [199, 200], [199, 203], [218, 219], [218, 220], [224, 225], [224, 226], [227, 228], [227, 232], [229, 227], [229, 230], [232, 233], [232, 236], [236, 237], [236, 238], [256, 257], [256, 258], [259, 260], [259, 262], [260, 259], [260, 261], [263, 264], [263, 265], [267, 268], [267, 269], [272, 273], [272, 274], [276, 277], [281, 282], [281, 283], [295, 296], [295, 300], [296, 297], [296, 298], [298, 299], [307, 308], [307, 309], [310, 311], [310, 323], [311, 312], [311, 313], [313, 314], [313, 315], [315, 318], [315, 320], [321, 310], [321, 322], [329, 330], [329, 331], [336, 337], [336, 341], [339, 340], [339, 341], [341, 342], [341, 344], [346, 347], [346, 348], [350, 352], [353, 355], [357, 358], [357, 359], [359, 360], [359, 361], [373, 374], [373, 375]], "missing_branches": [[157, 158], [276, 281], [298, 295], [350, 351], [353, 354]], "functions": {"_normalize_label": {"executed_lines": [66, 67, 68, 69], "summary": {"covered_lines": 4, "num_statements": 4, "percent_covered": 100.0, "percent_covered_display": "100", "missing_lines": 0, "excluded_lines": 0, "percent_statements_covered": 100.0, "percent_statements_covered_display": "100", "num_branches": 0, "num_partial_branches": 0, "covered_branches": 0, "missing_branches": 0, "percent_branches_covered": 100.0, "percent_branches_covered_display": "100"}, "missing_lines": [], "excluded_lines": [], "start_line": 65, "executed_branches": [], "missing_branches": []}, "_normalize_name": {"executed_lines": [73, 74, 75, 76], "summary": {"covered_lines": 4, "num_statements": 4, "percent_covered": 100.0, "percent_covered_display": "100", "missing_lines": 0, "excluded_lines": 0, "percent_statements_covered": 100.0, "percent_statements_covered_display": "100", "num_branches": 2, "num_partial_branches": 0, "covered_branches": 2, "missing_branches": 0, "percent_branches_covered": 100.0, "percent_branches_covered_display": "100"}, "missing_lines": [], "excluded_lines": [], "start_line": 72, "executed_branches": [[74, 75], [74, 76]], "missing_branches": []}, "_normalize_base_url": {"executed_lines": [85, 86, 87, 88, 89, 92], "summary": {"covered_lines": 6, "num_statements": 6, "percent_covered": 100.0, "percent_covered_display": "100", "missing_lines": 0, "excluded_lines": 0, "percent_statements_covered": 100.0, "percent_statements_covered_display": "100", "num_branches": 0, "num_partial_branches": 0, "covered_branches": 0, "missing_branches": 0, "percent_branches_covered": 100.0, "percent_branches_covered_display": "100"}, "missing_lines": [], "excluded_lines": [], "start_line": 79, "executed_branches": [], "missing_branches": []}, "_parse_toml": {"executed_lines": [96, 97, 98, 99, 100], "summary": {"covered_lines": 5, "num_statements": 5, "percent_covered": 100.0, "percent_covered_display": "100", "missing_lines": 0, "excluded_lines": 0, "percent_statements_covered": 100.0, "percent_statements_covered_display": "100", "num_branches": 0, "num_partial_branches": 0, "covered_branches": 0, "missing_branches": 0, "percent_branches_covered": 100.0, "percent_branches_covered_display": "100"}, "missing_lines": [], "excluded_lines": [], "start_line": 95, "executed_branches": [], "missing_branches": []}, "_providers_from_config": {"executed_lines": [104, 105, 106, 107, 108, 109, 112, 113, 114, 115, 116, 117, 120], "summary": {"covered_lines": 13, "num_statements": 13, "percent_covered": 100.0, "percent_covered_display": "100", "missing_lines": 0, "excluded_lines": 0, "percent_statements_covered": 100.0, "percent_statements_covered_display": "100", "num_branches": 12, "num_partial_branches": 0, "covered_branches": 12, "missing_branches": 0, "percent_branches_covered": 100.0, "percent_branches_covered_display": "100"}, "missing_lines": [], "excluded_lines": [], "start_line": 103, "executed_branches": [[106, 107], [106, 112], [107, 108], [107, 112], [108, 107], [108, 109], [112, 113], [112, 120], [113, 114], [113, 115], [116, 112], [116, 117]], "missing_branches": []}, "_select_provider": {"executed_lines": [126, 127, 128, 129, 130, 131, 132], "summary": {"covered_lines": 7, "num_statements": 7, "percent_covered": 100.0, "percent_covered_display": "100", "missing_lines": 0, "excluded_lines": 0, "percent_statements_covered": 100.0, "percent_statements_covered_display": "100", "num_branches": 8, "num_partial_branches": 0, "covered_branches": 8, "missing_branches": 0, "percent_branches_covered": 100.0, "percent_branches_covered_display": "100"}, "missing_lines": [], "excluded_lines": [], "start_line": 123, "executed_branches": [[126, 127], [126, 129], [127, 126], [127, 128], [129, 130], [129, 132], [130, 129], [130, 131]], "missing_branches": []}, "_extract_email_from_values": {"executed_lines": [136, 144, 145, 146, 147, 148, 149, 150], "summary": {"covered_lines": 8, "num_statements": 8, "percent_covered": 100.0, "percent_covered_display": "100", "missing_lines": 0, "excluded_lines": 0, "percent_statements_covered": 100.0, "percent_statements_covered_display": "100", "num_branches": 8, "num_partial_branches": 0, "covered_branches": 8, "missing_branches": 0, "percent_branches_covered": 100.0, "percent_branches_covered_display": "100"}, "missing_lines": [], "excluded_lines": [], "start_line": 135, "executed_branches": [[136, 144], [136, 147], [145, 136], [145, 146], [147, 148], [147, 150], [148, 147], [148, 149]], "missing_branches": []}, "_extract_email_from_config": {"executed_lines": [154, 155, 156, 157, 159, 162, 163, 164, 165, 166, 167, 168], "summary": {"covered_lines": 12, "num_statements": 13, "percent_covered": 91.30434782608695, "percent_covered_display": "91", "missing_lines": 1, "excluded_lines": 0, "percent_statements_covered": 92.3076923076923, "percent_statements_covered_display": "92", "num_branches": 10, "num_partial_branches": 1, "covered_branches": 9, "missing_branches": 1, "percent_branches_covered": 90.0, "percent_branches_covered_display": "90"}, "missing_lines": [158], "excluded_lines": [], "start_line": 153, "executed_branches": [[155, 156], [155, 168], [157, 159], [163, 164], [163, 165], [165, 155], [165, 166], [166, 165], [166, 167]], "missing_branches": [[157, 158]]}, "_extract_email_from_text": {"executed_lines": [172, 173, 174, 175], "summary": {"covered_lines": 4, "num_statements": 4, "percent_covered": 100.0, "percent_covered_display": "100", "missing_lines": 0, "excluded_lines": 0, "percent_statements_covered": 100.0, "percent_statements_covered_display": "100", "num_branches": 2, "num_partial_branches": 0, "covered_branches": 2, "missing_branches": 0, "percent_branches_covered": 100.0, "percent_branches_covered_display": "100"}, "missing_lines": [], "excluded_lines": [], "start_line": 171, "executed_branches": [[173, 174], [173, 175]], "missing_branches": []}, "_account_from_toml": {"executed_lines": [181, 182, 183, 184, 185, 186, 187, 188, 189, 190, 193, 194, 195, 196, 197, 198, 199, 200, 203], "summary": {"covered_lines": 19, "num_statements": 19, "percent_covered": 100.0, "percent_covered_display": "100", "missing_lines": 0, "excluded_lines": 0, "percent_statements_covered": 100.0, "percent_statements_covered_display": "100", "num_branches": 10, "num_partial_branches": 0, "covered_branches": 10, "missing_branches": 0, "percent_branches_covered": 100.0, "percent_branches_covered_display": "100"}, "missing_lines": [], "excluded_lines": [], "start_line": 178, "executed_branches": [[184, 185], [184, 186], [188, 189], [188, 190], [193, 194], [193, 195], [197, 198], [197, 199], [199, 200], [199, 203]], "missing_branches": []}, "_account_from_env": {"executed_lines": [216, 217, 218, 219, 220, 221, 224, 225, 226, 227, 228, 229, 230, 231, 232, 233, 236, 237, 238], "summary": {"covered_lines": 19, "num_statements": 19, "percent_covered": 100.0, "percent_covered_display": "100", "missing_lines": 0, "excluded_lines": 0, "percent_statements_covered": 100.0, "percent_statements_covered_display": "100", "num_branches": 12, "num_partial_branches": 0, "covered_branches": 12, "missing_branches": 0, "percent_branches_covered": 100.0, "percent_branches_covered_display": "100"}, "missing_lines": [], "excluded_lines": [], "start_line": 213, "executed_branches": [[218, 219], [218, 220], [224, 225], [224, 226], [227, 228], [227, 232], [229, 227], [229, 230], [232, 233], [232, 236], [236, 237], [236, 238]], "missing_branches": []}, "_account_from_json": {"executed_lines": [251, 252, 253, 254, 255, 256, 257, 258, 259, 260, 261, 262, 263, 264, 265, 266, 267, 268, 269, 272, 273, 274, 275, 276, 277, 280, 281, 282, 283], "summary": {"covered_lines": 29, "num_statements": 29, "percent_covered": 97.77777777777777, "percent_covered_display": "98", "missing_lines": 0, "excluded_lines": 0, "percent_statements_covered": 100.0, "percent_statements_covered_display": "100", "num_branches": 16, "num_partial_branches": 1, "covered_branches": 15, "missing_branches": 1, "percent_branches_covered": 93.75, "percent_branches_covered_display": "94"}, "missing_lines": [], "excluded_lines": [], "start_line": 248, "executed_branches": [[256, 257], [256, 258], [259, 260], [259, 262], [260, 259], [260, 261], [263, 264], [263, 265], [267, 268], [267, 269], [272, 273], [272, 274], [276, 277], [281, 282], [281, 283]], "missing_branches": [[276, 281]]}, "collect_auth_files": {"executed_lines": [294, 295, 296, 297, 298, 299, 300], "summary": {"covered_lines": 7, "num_statements": 7, "percent_covered": 92.3076923076923, "percent_covered_display": "92", "missing_lines": 0, "excluded_lines": 0, "percent_statements_covered": 100.0, "percent_statements_covered_display": "100", "num_branches": 6, "num_partial_branches": 1, "covered_branches": 5, "missing_branches": 1, "percent_branches_covered": 83.33333333333333, "percent_branches_covered_display": "83"}, "missing_lines": [], "excluded_lines": [], "start_line": 293, "executed_branches": [[295, 296], [295, 300], [296, 297], [296, 298], [298, 299]], "missing_branches": [[298, 295]]}, "load_accounts_from_auths_dir": {"executed_lines": [306, 307, 308, 309, 310, 311, 312, 313, 314, 315, 318, 320, 321, 322, 323], "summary": {"covered_lines": 15, "num_statements": 15, "percent_covered": 100.0, "percent_covered_display": "100", "missing_lines": 0, "excluded_lines": 0, "percent_statements_covered": 100.0, "percent_statements_covered_display": "100", "num_branches": 12, "num_partial_branches": 0, "covered_branches": 12, "missing_branches": 0, "percent_branches_covered": 100.0, "percent_branches_covered_display": "100"}, "missing_lines": [], "excluded_lines": [], "start_line": 303, "executed_branches": [[307, 308], [307, 309], [310, 311], [310, 323], [311, 312], [311, 313], [313, 314], [313, 315], [315, 318], [315, 320], [321, 310], [321, 322]], "missing_branches": []}, "load_current_account": {"executed_lines": [329, 330, 331, 332, 333, 335, 336, 337, 338, 339, 340, 341, 342, 344, 345, 346, 347, 348, 349, 350, 352, 353, 355, 356, 357, 358, 359, 360, 361], "summary": {"covered_lines": 29, "num_statements": 31, "percent_covered": 91.83673469387755, "percent_covered_display": "92", "missing_lines": 2, "excluded_lines": 0, "percent_statements_covered": 93.54838709677419, "percent_statements_covered_display": "94", "num_branches": 18, "num_partial_branches": 2, "covered_branches": 16, "missing_branches": 2, "percent_branches_covered": 88.88888888888889, "percent_branches_covered_display": "89"}, "missing_lines": [351, 354], "excluded_lines": [], "start_line": 326, "executed_branches": [[329, 330], [329, 331], [336, 337], [336, 341], [339, 340], [339, 341], [341, 342], [341, 344], [346, 347], [346, 348], [350, 352], [353, 355], [357, 358], [357, 359], [359, 360], [359, 361]], "missing_branches": [[350, 351], [353, 354]]}, "copy_account_config": {"executed_lines": [372, 373, 374, 375, 376, 377, 378, 379, 380], "summary": {"covered_lines": 9, "num_statements": 9, "percent_covered": 100.0, "percent_covered_display": "100", "missing_lines": 0, "excluded_lines": 0, "percent_statements_covered": 100.0, "percent_statements_covered_display": "100", "num_branches": 2, "num_partial_branches": 0, "covered_branches": 2, "missing_branches": 0, "percent_branches_covered": 100.0, "percent_branches_covered_display": "100"}, "missing_lines": [], "excluded_lines": [], "start_line": 371, "executed_branches": [[373, 374], [373, 375]], "missing_branches": []}, "": {"executed_lines": [1, 3, 4, 5, 6, 7, 8, 9, 11, 13, 15, 16, 21, 51, 52, 53, 54, 55, 56, 57, 58, 61, 62, 65, 72, 79, 95, 103, 123, 135, 153, 171, 178, 213, 248, 293, 303, 326, 371], "summary": {"covered_lines": 39, "num_statements": 39, "percent_covered": 100.0, "percent_covered_display": "100", "missing_lines": 0, "excluded_lines": 2, "percent_statements_covered": 100.0, "percent_statements_covered_display": "100", "num_branches": 0, "num_partial_branches": 0, "covered_branches": 0, "missing_branches": 0, "percent_branches_covered": 100.0, "percent_branches_covered_display": "100"}, "missing_lines": [], "excluded_lines": [17, 18], "start_line": 1, "executed_branches": [], "missing_branches": []}}, "classes": {"Account": {"executed_lines": [], "summary": {"covered_lines": 0, "num_statements": 0, "percent_covered": 100.0, "percent_covered_display": "100", "missing_lines": 0, "excluded_lines": 0, "percent_statements_covered": 100.0, "percent_statements_covered_display": "100", "num_branches": 0, "num_partial_branches": 0, "covered_branches": 0, "missing_branches": 0, "percent_branches_covered": 100.0, "percent_branches_covered_display": "100"}, "missing_lines": [], "excluded_lines": [], "start_line": 52, "executed_branches": [], "missing_branches": []}, "": {"executed_lines": [1, 3, 4, 5, 6, 7, 8, 9, 11, 13, 15, 16, 21, 51, 52, 53, 54, 55, 56, 57, 58, 61, 62, 65, 66, 67, 68, 69, 72, 73, 74, 75, 76, 79, 85, 86, 87, 88, 89, 92, 95, 96, 97, 98, 99, 100, 103, 104, 105, 106, 107, 108, 109, 112, 113, 114, 115, 116, 117, 120, 123, 126, 127, 128, 129, 130, 131, 132, 135, 136, 144, 145, 146, 147, 148, 149, 150, 153, 154, 155, 156, 157, 159, 162, 163, 164, 165, 166, 167, 168, 171, 172, 173, 174, 175, 178, 181, 182, 183, 184, 185, 186, 187, 188, 189, 190, 193, 194, 195, 196, 197, 198, 199, 200, 203, 213, 216, 217, 218, 219, 220, 221, 224, 225, 226, 227, 228, 229, 230, 231, 232, 233, 236, 237, 238, 248, 251, 252, 253, 254, 255, 256, 257, 258, 259, 260, 261, 262, 263, 264, 265, 266, 267, 268, 269, 272, 273, 274, 275, 276, 277, 280, 281, 282, 283, 293, 294, 295, 296, 297, 298, 299, 300, 303, 306, 307, 308, 309, 310, 311, 312, 313, 314, 315, 318, 320, 321, 322, 323, 326, 329, 330, 331, 332, 333, 335, 336, 337, 338, 339, 340, 341, 342, 344, 345, 346, 347, 348, 349, 350, 352, 353, 355, 356, 357, 358, 359, 360, 361, 371, 372, 373, 374, 375, 376, 377, 378, 379, 380], "summary": {"covered_lines": 229, "num_statements": 232, "percent_covered": 97.71428571428571, "percent_covered_display": "98", "missing_lines": 3, "excluded_lines": 2, "percent_statements_covered": 98.70689655172414, "percent_statements_covered_display": "99", "num_branches": 118, "num_partial_branches": 5, "covered_branches": 113, "missing_branches": 5, "percent_branches_covered": 95.76271186440678, "percent_branches_covered_display": "96"}, "missing_lines": [158, 351, 354], "excluded_lines": [17, 18], "start_line": 1, "executed_branches": [[74, 75], [74, 76], [106, 107], [106, 112], [107, 108], [107, 112], [108, 107], [108, 109], [112, 113], [112, 120], [113, 114], [113, 115], [116, 112], [116, 117], [126, 127], [126, 129], [127, 126], [127, 128], [129, 130], [129, 132], [130, 129], [130, 131], [136, 144], [136, 147], [145, 136], [145, 146], [147, 148], [147, 150], [148, 147], [148, 149], [155, 156], [155, 168], [157, 159], [163, 164], [163, 165], [165, 155], [165, 166], [166, 165], [166, 167], [173, 174], [173, 175], [184, 185], [184, 186], [188, 189], [188, 190], [193, 194], [193, 195], [197, 198], [197, 199], [199, 200], [199, 203], [218, 219], [218, 220], [224, 225], [224, 226], [227, 228], [227, 232], [229, 227], [229, 230], [232, 233], [232, 236], [236, 237], [236, 238], [256, 257], [256, 258], [259, 260], [259, 262], [260, 259], [260, 261], [263, 264], [263, 265], [267, 268], [267, 269], [272, 273], [272, 274], [276, 277], [281, 282], [281, 283], [295, 296], [295, 300], [296, 297], [296, 298], [298, 299], [307, 308], [307, 309], [310, 311], [310, 323], [311, 312], [311, 313], [313, 314], [313, 315], [315, 318], [315, 320], [321, 310], [321, 322], [329, 330], [329, 331], [336, 337], [336, 341], [339, 340], [339, 341], [341, 342], [341, 344], [346, 347], [346, 348], [350, 352], [353, 355], [357, 358], [357, 359], [359, 360], [359, 361], [373, 374], [373, 375]], "missing_branches": [[157, 158], [276, 281], [298, 295], [350, 351], [353, 354]]}}}, "src/kmi_manager_cli/config.py": {"executed_lines": [1, 3, 4, 5, 6, 7, 9, 11, 12, 13, 14, 15, 16, 17, 18, 19, 20, 21, 22, 23, 24, 25, 26, 27, 28, 29, 30, 31, 32, 33, 34, 35, 36, 37, 38, 39, 40, 43, 66, 67, 68, 69, 70, 73, 74, 75, 76, 77, 80, 81, 82, 83, 86, 87, 88, 89, 90, 93, 94, 95, 96, 97, 100, 101, 102, 103, 104, 105, 106, 107, 108, 109, 112, 113, 114, 115, 116, 117, 118, 119, 120, 121, 122, 125, 126, 127, 128, 129, 130, 133, 134, 135, 136, 137, 138, 139, 140, 141, 142, 143, 144, 145, 146, 147, 148, 149, 150, 151, 152, 153, 154, 155, 156, 157, 158, 159, 160, 161, 162, 163, 164, 165, 166, 167, 168, 169, 170, 173, 174, 175, 176, 177, 178, 179, 180, 181, 182, 183, 186, 187, 188, 189, 190, 192, 194, 196, 197, 200, 203, 206, 211, 212, 213, 216, 219, 224, 227, 228, 231, 234, 235, 236, 239, 242, 245, 248, 249, 252, 253, 254, 255, 258, 259, 262, 265, 269, 272, 277, 280, 284, 289], "summary": {"covered_lines": 181, "num_statements": 181, "percent_covered": 100.0, "percent_covered_display": "100", "missing_lines": 0, "excluded_lines": 0, "percent_statements_covered": 100.0, "percent_statements_covered_display": "100", "num_branches": 34, "num_partial_branches": 0, "covered_branches": 34, "missing_branches": 0, "percent_branches_covered": 100.0, "percent_branches_covered_display": "100"}, "missing_lines": [], "excluded_lines": [], "executed_branches": [[74, 75], [74, 76], [81, 82], [81, 83], [88, 89], [88, 90], [94, 95], [94, 96], [101, 102], [101, 103], [104, 105], [104, 109], [105, 106], [105, 107], [107, 104], [107, 108], [115, 116], [115, 117], [117, 118], [117, 119], [120, 121], [120, 122], [127, 128], [127, 129], [175, 176], [175, 177], [178, 179], [178, 180], [181, 182], [181, 183], [188, 189], [188, 190], [190, 192], [190, 194]], "missing_branches": [], "functions": {"_parse_bool": {"executed_lines": [74, 75, 76, 77], "summary": {"covered_lines": 4, "num_statements": 4, "percent_covered": 100.0, "percent_covered_display": "100", "missing_lines": 0, "excluded_lines": 0, "percent_statements_covered": 100.0, "percent_statements_covered_display": "100", "num_branches": 2, "num_partial_branches": 0, "covered_branches": 2, "missing_branches": 0, "percent_branches_covered": 100.0, "percent_branches_covered_display": "100"}, "missing_lines": [], "excluded_lines": [], "start_line": 73, "executed_branches": [[74, 75], [74, 76]], "missing_branches": []}, "_require_non_empty": {"executed_lines": [81, 82, 83], "summary": {"covered_lines": 3, "num_statements": 3, "percent_covered": 100.0, "percent_covered_display": "100", "missing_lines": 0, "excluded_lines": 0, "percent_statements_covered": 100.0, "percent_statements_covered_display": "100", "num_branches": 2, "num_partial_branches": 0, "covered_branches": 2, "missing_branches": 0, "percent_branches_covered": 100.0, "percent_branches_covered_display": "100"}, "missing_lines": [], "excluded_lines": [], "start_line": 80, "executed_branches": [[81, 82], [81, 83]], "missing_branches": []}, "_normalize_base_path": {"executed_lines": [87, 88, 89, 90], "summary": {"covered_lines": 4, "num_statements": 4, "percent_covered": 100.0, "percent_covered_display": "100", "missing_lines": 0, "excluded_lines": 0, "percent_statements_covered": 100.0, "percent_statements_covered_display": "100", "num_branches": 2, "num_partial_branches": 0, "covered_branches": 2, "missing_branches": 0, "percent_branches_covered": 100.0, "percent_branches_covered_display": "100"}, "missing_lines": [], "excluded_lines": [], "start_line": 86, "executed_branches": [[88, 89], [88, 90]], "missing_branches": []}, "_parse_allowlist": {"executed_lines": [94, 95, 96, 97], "summary": {"covered_lines": 4, "num_statements": 4, "percent_covered": 100.0, "percent_covered_display": "100", "missing_lines": 0, "excluded_lines": 0, "percent_statements_covered": 100.0, "percent_statements_covered_display": "100", "num_branches": 2, "num_partial_branches": 0, "covered_branches": 2, "missing_branches": 0, "percent_branches_covered": 100.0, "percent_branches_covered_display": "100"}, "missing_lines": [], "excluded_lines": [], "start_line": 93, "executed_branches": [[94, 95], [94, 96]], "missing_branches": []}, "_host_allowed": {"executed_lines": [101, 102, 103, 104, 105, 106, 107, 108, 109], "summary": {"covered_lines": 9, "num_statements": 9, "percent_covered": 100.0, "percent_covered_display": "100", "missing_lines": 0, "excluded_lines": 0, "percent_statements_covered": 100.0, "percent_statements_covered_display": "100", "num_branches": 8, "num_partial_branches": 0, "covered_branches": 8, "missing_branches": 0, "percent_branches_covered": 100.0, "percent_branches_covered_display": "100"}, "missing_lines": [], "excluded_lines": [], "start_line": 100, "executed_branches": [[101, 102], [101, 103], [104, 105], [104, 109], [105, 106], [105, 107], [107, 104], [107, 108]], "missing_branches": []}, "validate_base_url": {"executed_lines": [113, 114, 115, 116, 117, 118, 119, 120, 121, 122], "summary": {"covered_lines": 10, "num_statements": 10, "percent_covered": 100.0, "percent_covered_display": "100", "missing_lines": 0, "excluded_lines": 0, "percent_statements_covered": 100.0, "percent_statements_covered_display": "100", "num_branches": 6, "num_partial_branches": 0, "covered_branches": 6, "missing_branches": 0, "percent_branches_covered": 100.0, "percent_branches_covered_display": "100"}, "missing_lines": [], "excluded_lines": [], "start_line": 112, "executed_branches": [[115, 116], [115, 117], [117, 118], [117, 119], [120, 121], [120, 122]], "missing_branches": []}, "_resolve_env_path": {"executed_lines": [126, 127, 128, 129, 130], "summary": {"covered_lines": 5, "num_statements": 5, "percent_covered": 100.0, "percent_covered_display": "100", "missing_lines": 0, "excluded_lines": 0, "percent_statements_covered": 100.0, "percent_statements_covered_display": "100", "num_branches": 2, "num_partial_branches": 0, "covered_branches": 2, "missing_branches": 0, "percent_branches_covered": 100.0, "percent_branches_covered_display": "100"}, "missing_lines": [], "excluded_lines": [], "start_line": 125, "executed_branches": [[127, 128], [127, 129]], "missing_branches": []}, "_resolve_auths_dir": {"executed_lines": [174, 175, 176, 177, 178, 179, 180, 181, 182, 183], "summary": {"covered_lines": 10, "num_statements": 10, "percent_covered": 100.0, "percent_covered_display": "100", "missing_lines": 0, "excluded_lines": 0, "percent_statements_covered": 100.0, "percent_statements_covered_display": "100", "num_branches": 6, "num_partial_branches": 0, "covered_branches": 6, "missing_branches": 0, "percent_branches_covered": 100.0, "percent_branches_covered_display": "100"}, "missing_lines": [], "excluded_lines": [], "start_line": 173, "executed_branches": [[175, 176], [175, 177], [178, 179], [178, 180], [181, 182], [181, 183]], "missing_branches": []}, "load_config": {"executed_lines": [187, 188, 189, 190, 192, 194, 196, 197, 200, 203, 206, 211, 212, 213, 216, 219, 224, 227, 228, 231, 234, 235, 236, 239, 242, 245, 248, 249, 252, 253, 254, 255, 258, 259, 262, 265, 269, 272, 277, 280, 284, 289], "summary": {"covered_lines": 42, "num_statements": 42, "percent_covered": 100.0, "percent_covered_display": "100", "missing_lines": 0, "excluded_lines": 0, "percent_statements_covered": 100.0, "percent_statements_covered_display": "100", "num_branches": 4, "num_partial_branches": 0, "covered_branches": 4, "missing_branches": 0, "percent_branches_covered": 100.0, "percent_branches_covered_display": "100"}, "missing_lines": [], "excluded_lines": [], "start_line": 186, "executed_branches": [[188, 189], [188, 190], [190, 192], [190, 194]], "missing_branches": []}, "": {"executed_lines": [1, 3, 4, 5, 6, 7, 9, 11, 12, 13, 14, 15, 16, 17, 18, 19, 20, 21, 22, 23, 24, 25, 26, 27, 28, 29, 30, 31, 32, 33, 34, 35, 36, 37, 38, 39, 40, 43, 66, 67, 68, 69, 70, 73, 80, 86, 93, 100, 112, 125, 133, 134, 135, 136, 137, 138, 139, 140, 141, 142, 143, 144, 145, 146, 147, 148, 149, 150, 151, 152, 153, 154, 155, 156, 157, 158, 159, 160, 161, 162, 163, 164, 165, 166, 167, 168, 169, 170, 173, 186], "summary": {"covered_lines": 90, "num_statements": 90, "percent_covered": 100.0, "percent_covered_display": "100", "missing_lines": 0, "excluded_lines": 0, "percent_statements_covered": 100.0, "percent_statements_covered_display": "100", "num_branches": 0, "num_partial_branches": 0, "covered_branches": 0, "missing_branches": 0, "percent_branches_covered": 100.0, "percent_branches_covered_display": "100"}, "missing_lines": [], "excluded_lines": [], "start_line": 1, "executed_branches": [], "missing_branches": []}}, "classes": {"Config": {"executed_lines": [], "summary": {"covered_lines": 0, "num_statements": 0, "percent_covered": 100.0, "percent_covered_display": "100", "missing_lines": 0, "excluded_lines": 0, "percent_statements_covered": 100.0, "percent_statements_covered_display": "100", "num_branches": 0, "num_partial_branches": 0, "covered_branches": 0, "missing_branches": 0, "percent_branches_covered": 100.0, "percent_branches_covered_display": "100"}, "missing_lines": [], "excluded_lines": [], "start_line": 134, "executed_branches": [], "missing_branches": []}, "": {"executed_lines": [1, 3, 4, 5, 6, 7, 9, 11, 12, 13, 14, 15, 16, 17, 18, 19, 20, 21, 22, 23, 24, 25, 26, 27, 28, 29, 30, 31, 32, 33, 34, 35, 36, 37, 38, 39, 40, 43, 66, 67, 68, 69, 70, 73, 74, 75, 76, 77, 80, 81, 82, 83, 86, 87, 88, 89, 90, 93, 94, 95, 96, 97, 100, 101, 102, 103, 104, 105, 106, 107, 108, 109, 112, 113, 114, 115, 116, 117, 118, 119, 120, 121, 122, 125, 126, 127, 128, 129, 130, 133, 134, 135, 136, 137, 138, 139, 140, 141, 142, 143, 144, 145, 146, 147, 148, 149, 150, 151, 152, 153, 154, 155, 156, 157, 158, 159, 160, 161, 162, 163, 164, 165, 166, 167, 168, 169, 170, 173, 174, 175, 176, 177, 178, 179, 180, 181, 182, 183, 186, 187, 188, 189, 190, 192, 194, 196, 197, 200, 203, 206, 211, 212, 213, 216, 219, 224, 227, 228, 231, 234, 235, 236, 239, 242, 245, 248, 249, 252, 253, 254, 255, 258, 259, 262, 265, 269, 272, 277, 280, 284, 289], "summary": {"covered_lines": 181, "num_statements": 181, "percent_covered": 100.0, "percent_covered_display": "100", "missing_lines": 0, "excluded_lines": 0, "percent_statements_covered": 100.0, "percent_statements_covered_display": "100", "num_branches": 34, "num_partial_branches": 0, "covered_branches": 34, "missing_branches": 0, "percent_branches_covered": 100.0, "percent_branches_covered_display": "100"}, "missing_lines": [], "excluded_lines": [], "start_line": 1, "executed_branches": [[74, 75], [74, 76], [81, 82], [81, 83], [88, 89], [88, 90], [94, 95], [94, 96], [101, 102], [101, 103], [104, 105], [104, 109], [105, 106], [105, 107], [107, 104], [107, 108], [115, 116], [115, 117], [117, 118], [117, 119], [120, 121], [120, 122], [127, 128], [127, 129], [175, 176], [175, 177], [178, 179], [178, 180], [181, 182], [181, 183], [188, 189], [188, 190], [190, 192], [190, 194]], "missing_branches": []}}}, "src/kmi_manager_cli/doctor.py": {"executed_lines": [1, 3, 4, 5, 6, 7, 8, 9, 11, 12, 13, 15, 16, 17, 18, 19, 20, 21, 22, 23, 28, 31, 32, 33, 34, 35, 36, 39, 47, 48, 51, 52, 53, 54, 55, 56, 57, 58, 61, 62, 63, 66, 67, 68, 69, 72, 73, 74, 75, 76, 77, 80, 81, 82, 83, 86, 87, 90, 91, 92, 98, 99, 100, 103, 104, 105, 106, 110, 116, 121, 127, 128, 134, 135, 136, 137, 142, 143, 144, 145, 146, 147, 153, 154, 160, 161, 164, 167, 168, 169, 170, 176, 177, 178, 179, 185, 186, 189, 190, 191, 192, 193, 194, 195, 196, 197, 198, 199, 200, 201, 202, 203, 205, 207, 208, 209, 211, 212, 213, 221, 222, 243, 246, 247, 248, 249, 250, 251, 253, 260, 261, 262, 264, 265, 268, 271, 272, 273, 274, 275, 277, 278, 279, 280, 281, 282, 283, 284, 285, 286, 287, 288, 290, 291, 292, 293, 297, 298, 299, 302, 303, 304, 305, 306, 307, 309, 310, 313, 314, 315, 316, 319], "summary": {"covered_lines": 172, "num_statements": 176, "percent_covered": 95.0, "percent_covered_display": "95", "missing_lines": 4, "excluded_lines": 0, "percent_statements_covered": 97.72727272727273, "percent_statements_covered_display": "98", "num_branches": 64, "num_partial_branches": 8, "covered_branches": 56, "missing_branches": 8, "percent_branches_covered": 87.5, "percent_branches_covered_display": "88"}, "missing_lines": [204, 206, 210, 252], "excluded_lines": [], "executed_branches": [[52, 53], [52, 54], [54, 55], [54, 56], [56, 57], [56, 58], [62, 63], [62, 66], [74, 75], [74, 77], [75, 74], [75, 76], [81, 82], [81, 83], [91, 92], [91, 98], [106, 110], [106, 116], [116, 121], [116, 127], [127, 128], [127, 134], [135, 136], [135, 137], [146, 147], [146, 153], [153, 154], [153, 160], [160, 161], [160, 164], [169, 170], [169, 176], [198, 199], [198, 201], [201, 202], [203, 205], [205, 207], [209, 211], [250, 251], [250, 265], [251, 253], [260, 261], [260, 264], [274, 275], [274, 277], [278, 279], [278, 290], [285, 286], [285, 288], [298, 299], [298, 319], [303, 304], [303, 309], [305, 306], [309, 310], [314, 315]], "missing_branches": [[201, 203], [203, 204], [205, 206], [209, 210], [251, 252], [305, 307], [309, 313], [314, 316]], "functions": {"_status_badge": {"executed_lines": [48], "summary": {"covered_lines": 1, "num_statements": 1, "percent_covered": 100.0, "percent_covered_display": "100", "missing_lines": 0, "excluded_lines": 0, "percent_statements_covered": 100.0, "percent_statements_covered_display": "100", "num_branches": 0, "num_partial_branches": 0, "covered_branches": 0, "missing_branches": 0, "percent_branches_covered": 100.0, "percent_branches_covered_display": "100"}, "missing_lines": [], "excluded_lines": [], "start_line": 47, "executed_branches": [], "missing_branches": []}, "_format_age": {"executed_lines": [52, 53, 54, 55, 56, 57, 58], "summary": {"covered_lines": 7, "num_statements": 7, "percent_covered": 100.0, "percent_covered_display": "100", "missing_lines": 0, "excluded_lines": 0, "percent_statements_covered": 100.0, "percent_statements_covered_display": "100", "num_branches": 6, "num_partial_branches": 0, "covered_branches": 6, "missing_branches": 0, "percent_branches_covered": 100.0, "percent_branches_covered_display": "100"}, "missing_lines": [], "excluded_lines": [], "start_line": 51, "executed_branches": [[52, 53], [52, 54], [54, 55], [54, 56], [56, 57], [56, 58]], "missing_branches": []}, "_file_status": {"executed_lines": [62, 63, 66, 67, 68, 69], "summary": {"covered_lines": 6, "num_statements": 6, "percent_covered": 100.0, "percent_covered_display": "100", "missing_lines": 0, "excluded_lines": 0, "percent_statements_covered": 100.0, "percent_statements_covered_display": "100", "num_branches": 2, "num_partial_branches": 0, "covered_branches": 2, "missing_branches": 0, "percent_branches_covered": 100.0, "percent_branches_covered_display": "100"}, "missing_lines": [], "excluded_lines": [], "start_line": 61, "executed_branches": [[62, 63], [62, 66]], "missing_branches": []}, "_collect_insecure": {"executed_lines": [73, 74, 75, 76, 77], "summary": {"covered_lines": 5, "num_statements": 5, "percent_covered": 100.0, "percent_covered_display": "100", "missing_lines": 0, "excluded_lines": 0, "percent_statements_covered": 100.0, "percent_statements_covered_display": "100", "num_branches": 4, "num_partial_branches": 0, "covered_branches": 4, "missing_branches": 0, "percent_branches_covered": 100.0, "percent_branches_covered_display": "100"}, "missing_lines": [], "excluded_lines": [], "start_line": 72, "executed_branches": [[74, 75], [74, 77], [75, 74], [75, 76]], "missing_branches": []}, "_check_env": {"executed_lines": [81, 82, 83], "summary": {"covered_lines": 3, "num_statements": 3, "percent_covered": 100.0, "percent_covered_display": "100", "missing_lines": 0, "excluded_lines": 0, "percent_statements_covered": 100.0, "percent_statements_covered_display": "100", "num_branches": 2, "num_partial_branches": 0, "covered_branches": 2, "missing_branches": 0, "percent_branches_covered": 100.0, "percent_branches_covered_display": "100"}, "missing_lines": [], "excluded_lines": [], "start_line": 80, "executed_branches": [[81, 82], [81, 83]], "missing_branches": []}, "_check_auths": {"executed_lines": [87, 90, 91, 92, 98, 99, 100], "summary": {"covered_lines": 7, "num_statements": 7, "percent_covered": 100.0, "percent_covered_display": "100", "missing_lines": 0, "excluded_lines": 0, "percent_statements_covered": 100.0, "percent_statements_covered_display": "100", "num_branches": 2, "num_partial_branches": 0, "covered_branches": 2, "missing_branches": 0, "percent_branches_covered": 100.0, "percent_branches_covered_display": "100"}, "missing_lines": [], "excluded_lines": [], "start_line": 86, "executed_branches": [[91, 92], [91, 98]], "missing_branches": []}, "_check_proxy": {"executed_lines": [104, 105, 106, 110, 116, 121, 127, 128, 134, 135, 136, 137], "summary": {"covered_lines": 12, "num_statements": 12, "percent_covered": 100.0, "percent_covered_display": "100", "missing_lines": 0, "excluded_lines": 0, "percent_statements_covered": 100.0, "percent_statements_covered_display": "100", "num_branches": 8, "num_partial_branches": 0, "covered_branches": 8, "missing_branches": 0, "percent_branches_covered": 100.0, "percent_branches_covered_display": "100"}, "missing_lines": [], "excluded_lines": [], "start_line": 103, "executed_branches": [[106, 110], [106, 116], [116, 121], [116, 127], [127, 128], [127, 134], [135, 136], [135, 137]], "missing_branches": []}, "_check_kimi_env": {"executed_lines": [143, 144, 145, 146, 147, 153, 154, 160, 161, 164], "summary": {"covered_lines": 10, "num_statements": 10, "percent_covered": 100.0, "percent_covered_display": "100", "missing_lines": 0, "excluded_lines": 0, "percent_statements_covered": 100.0, "percent_statements_covered_display": "100", "num_branches": 6, "num_partial_branches": 0, "covered_branches": 6, "missing_branches": 0, "percent_branches_covered": 100.0, "percent_branches_covered_display": "100"}, "missing_lines": [], "excluded_lines": [], "start_line": 142, "executed_branches": [[146, 147], [146, 153], [153, 154], [153, 160], [160, 161], [160, 164]], "missing_branches": []}, "_check_state": {"executed_lines": [168, 169, 170, 176, 177, 178, 179, 185, 186], "summary": {"covered_lines": 9, "num_statements": 9, "percent_covered": 100.0, "percent_covered_display": "100", "missing_lines": 0, "excluded_lines": 0, "percent_statements_covered": 100.0, "percent_statements_covered_display": "100", "num_branches": 2, "num_partial_branches": 0, "covered_branches": 2, "missing_branches": 0, "percent_branches_covered": 100.0, "percent_branches_covered_display": "100"}, "missing_lines": [], "excluded_lines": [], "start_line": 167, "executed_branches": [[169, 170], [169, 176]], "missing_branches": []}, "_check_permissions": {"executed_lines": [190, 191, 192, 193, 194, 195, 196, 197, 198, 199, 200, 201, 202, 203, 205, 207, 208, 209, 211, 212, 213], "summary": {"covered_lines": 21, "num_statements": 24, "percent_covered": 79.41176470588235, "percent_covered_display": "79", "missing_lines": 3, "excluded_lines": 0, "percent_statements_covered": 87.5, "percent_statements_covered_display": "88", "num_branches": 10, "num_partial_branches": 4, "covered_branches": 6, "missing_branches": 4, "percent_branches_covered": 60.0, "percent_branches_covered_display": "60"}, "missing_lines": [204, 206, 210], "excluded_lines": [], "start_line": 189, "executed_branches": [[198, 199], [198, 201], [201, 202], [203, 205], [205, 207], [209, 211]], "missing_branches": [[201, 203], [203, 204], [205, 206], [209, 210]]}, "collect_checks": {"executed_lines": [222, 243], "summary": {"covered_lines": 2, "num_statements": 2, "percent_covered": 100.0, "percent_covered_display": "100", "missing_lines": 0, "excluded_lines": 0, "percent_statements_covered": 100.0, "percent_statements_covered_display": "100", "num_branches": 0, "num_partial_branches": 0, "covered_branches": 0, "missing_branches": 0, "percent_branches_covered": 100.0, "percent_branches_covered_display": "100"}, "missing_lines": [], "excluded_lines": [], "start_line": 221, "executed_branches": [], "missing_branches": []}, "_recheck_blocked_keys": {"executed_lines": [247, 248, 249, 250, 251, 253, 260, 261, 262, 264, 265], "summary": {"covered_lines": 11, "num_statements": 12, "percent_covered": 88.88888888888889, "percent_covered_display": "89", "missing_lines": 1, "excluded_lines": 0, "percent_statements_covered": 91.66666666666667, "percent_statements_covered_display": "92", "num_branches": 6, "num_partial_branches": 1, "covered_branches": 5, "missing_branches": 1, "percent_branches_covered": 83.33333333333333, "percent_branches_covered_display": "83"}, "missing_lines": [252], "excluded_lines": [], "start_line": 246, "executed_branches": [[250, 251], [250, 265], [251, 253], [260, 261], [260, 264]], "missing_branches": [[251, 252]]}, "run_doctor": {"executed_lines": [271, 272, 273, 274, 275, 277, 278, 279, 280, 281, 282, 283, 284, 285, 286, 287, 288, 290, 291, 292, 293, 297, 298, 299, 302, 303, 304, 305, 306, 307, 309, 310, 313, 314, 315, 316, 319], "summary": {"covered_lines": 37, "num_statements": 37, "percent_covered": 94.33962264150944, "percent_covered_display": "94", "missing_lines": 0, "excluded_lines": 0, "percent_statements_covered": 100.0, "percent_statements_covered_display": "100", "num_branches": 16, "num_partial_branches": 3, "covered_branches": 13, "missing_branches": 3, "percent_branches_covered": 81.25, "percent_branches_covered_display": "81"}, "missing_lines": [], "excluded_lines": [], "start_line": 268, "executed_branches": [[274, 275], [274, 277], [278, 279], [278, 290], [285, 286], [285, 288], [298, 299], [298, 319], [303, 304], [303, 309], [305, 306], [309, 310], [314, 315]], "missing_branches": [[305, 307], [309, 313], [314, 316]]}, "": {"executed_lines": [1, 3, 4, 5, 6, 7, 8, 9, 11, 12, 13, 15, 16, 17, 18, 19, 20, 21, 22, 23, 28, 31, 32, 33, 34, 35, 36, 39, 47, 51, 61, 72, 80, 86, 103, 142, 167, 189, 221, 246, 268], "summary": {"covered_lines": 41, "num_statements": 41, "percent_covered": 100.0, "percent_covered_display": "100", "missing_lines": 0, "excluded_lines": 0, "percent_statements_covered": 100.0, "percent_statements_covered_display": "100", "num_branches": 0, "num_partial_branches": 0, "covered_branches": 0, "missing_branches": 0, "percent_branches_covered": 100.0, "percent_branches_covered_display": "100"}, "missing_lines": [], "excluded_lines": [], "start_line": 1, "executed_branches": [], "missing_branches": []}}, "classes": {"DoctorCheck": {"executed_lines": [], "summary": {"covered_lines": 0, "num_statements": 0, "percent_covered": 100.0, "percent_covered_display": "100", "missing_lines": 0, "excluded_lines": 0, "percent_statements_covered": 100.0, "percent_statements_covered_display": "100", "num_branches": 0, "num_partial_branches": 0, "covered_branches": 0, "missing_branches": 0, "percent_branches_covered": 100.0, "percent_branches_covered_display": "100"}, "missing_lines": [], "excluded_lines": [], "start_line": 32, "executed_branches": [], "missing_branches": []}, "": {"executed_lines": [1, 3, 4, 5, 6, 7, 8, 9, 11, 12, 13, 15, 16, 17, 18, 19, 20, 21, 22, 23, 28, 31, 32, 33, 34, 35, 36, 39, 47, 48, 51, 52, 53, 54, 55, 56, 57, 58, 61, 62, 63, 66, 67, 68, 69, 72, 73, 74, 75, 76, 77, 80, 81, 82, 83, 86, 87, 90, 91, 92, 98, 99, 100, 103, 104, 105, 106, 110, 116, 121, 127, 128, 134, 135, 136, 137, 142, 143, 144, 145, 146, 147, 153, 154, 160, 161, 164, 167, 168, 169, 170, 176, 177, 178, 179, 185, 186, 189, 190, 191, 192, 193, 194, 195, 196, 197, 198, 199, 200, 201, 202, 203, 205, 207, 208, 209, 211, 212, 213, 221, 222, 243, 246, 247, 248, 249, 250, 251, 253, 260, 261, 262, 264, 265, 268, 271, 272, 273, 274, 275, 277, 278, 279, 280, 281, 282, 283, 284, 285, 286, 287, 288, 290, 291, 292, 293, 297, 298, 299, 302, 303, 304, 305, 306, 307, 309, 310, 313, 314, 315, 316, 319], "summary": {"covered_lines": 172, "num_statements": 176, "percent_covered": 95.0, "percent_covered_display": "95", "missing_lines": 4, "excluded_lines": 0, "percent_statements_covered": 97.72727272727273, "percent_statements_covered_display": "98", "num_branches": 64, "num_partial_branches": 8, "covered_branches": 56, "missing_branches": 8, "percent_branches_covered": 87.5, "percent_branches_covered_display": "88"}, "missing_lines": [204, 206, 210, 252], "excluded_lines": [], "start_line": 1, "executed_branches": [[52, 53], [52, 54], [54, 55], [54, 56], [56, 57], [56, 58], [62, 63], [62, 66], [74, 75], [74, 77], [75, 74], [75, 76], [81, 82], [81, 83], [91, 92], [91, 98], [106, 110], [106, 116], [116, 121], [116, 127], [127, 128], [127, 134], [135, 136], [135, 137], [146, 147], [146, 153], [153, 154], [153, 160], [160, 161], [160, 164], [169, 170], [169, 176], [198, 199], [198, 201], [201, 202], [203, 205], [205, 207], [209, 211], [250, 251], [250, 265], [251, 253], [260, 261], [260, 264], [274, 275], [274, 277], [278, 279], [278, 290], [285, 286], [285, 288], [298, 299], [298, 319], [303, 304], [303, 309], [305, 306], [309, 310], [314, 315]], "missing_branches": [[201, 203], [203, 204], [205, 206], [209, 210], [251, 252], [305, 307], [309, 313], [314, 316]]}}}, "src/kmi_manager_cli/errors.py": {"executed_lines": [1, 3, 6, 7, 15, 16, 26, 27, 28, 29, 30, 31, 32, 33], "summary": {"covered_lines": 14, "num_statements": 14, "percent_covered": 100.0, "percent_covered_display": "100", "missing_lines": 0, "excluded_lines": 0, "percent_statements_covered": 100.0, "percent_statements_covered_display": "100", "num_branches": 6, "num_partial_branches": 0, "covered_branches": 6, "missing_branches": 0, "percent_branches_covered": 100.0, "percent_branches_covered_display": "100"}, "missing_lines": [], "excluded_lines": [], "executed_branches": [[27, 28], [27, 29], [29, 30], [29, 31], [31, 32], [31, 33]], "missing_branches": [], "functions": {"no_keys_message": {"executed_lines": [7], "summary": {"covered_lines": 1, "num_statements": 1, "percent_covered": 100.0, "percent_covered_display": "100", "missing_lines": 0, "excluded_lines": 0, "percent_statements_covered": 100.0, "percent_statements_covered_display": "100", "num_branches": 0, "num_partial_branches": 0, "covered_branches": 0, "missing_branches": 0, "percent_branches_covered": 100.0, "percent_branches_covered_display": "100"}, "missing_lines": [], "excluded_lines": [], "start_line": 6, "executed_branches": [], "missing_branches": []}, "remediation_message": {"executed_lines": [16], "summary": {"covered_lines": 1, "num_statements": 1, "percent_covered": 100.0, "percent_covered_display": "100", "missing_lines": 0, "excluded_lines": 0, "percent_statements_covered": 100.0, "percent_statements_covered_display": "100", "num_branches": 0, "num_partial_branches": 0, "covered_branches": 0, "missing_branches": 0, "percent_branches_covered": 100.0, "percent_branches_covered_display": "100"}, "missing_lines": [], "excluded_lines": [], "start_line": 15, "executed_branches": [], "missing_branches": []}, "status_hint": {"executed_lines": [27, 28, 29, 30, 31, 32, 33], "summary": {"covered_lines": 7, "num_statements": 7, "percent_covered": 100.0, "percent_covered_display": "100", "missing_lines": 0, "excluded_lines": 0, "percent_statements_covered": 100.0, "percent_statements_covered_display": "100", "num_branches": 6, "num_partial_branches": 0, "covered_branches": 6, "missing_branches": 0, "percent_branches_covered": 100.0, "percent_branches_covered_display": "100"}, "missing_lines": [], "excluded_lines": [], "start_line": 26, "executed_branches": [[27, 28], [27, 29], [29, 30], [29, 31], [31, 32], [31, 33]], "missing_branches": []}, "": {"executed_lines": [1, 3, 6, 15, 26], "summary": {"covered_lines": 5, "num_statements": 5, "percent_covered": 100.0, "percent_covered_display": "100", "missing_lines": 0, "excluded_lines": 0, "percent_statements_covered": 100.0, "percent_statements_covered_display": "100", "num_branches": 0, "num_partial_branches": 0, "covered_branches": 0, "missing_branches": 0, "percent_branches_covered": 100.0, "percent_branches_covered_display": "100"}, "missing_lines": [], "excluded_lines": [], "start_line": 1, "executed_branches": [], "missing_branches": []}}, "classes": {"": {"executed_lines": [1, 3, 6, 7, 15, 16, 26, 27, 28, 29, 30, 31, 32, 33], "summary": {"covered_lines": 14, "num_statements": 14, "percent_covered": 100.0, "percent_covered_display": "100", "missing_lines": 0, "excluded_lines": 0, "percent_statements_covered": 100.0, "percent_statements_covered_display": "100", "num_branches": 6, "num_partial_branches": 0, "covered_branches": 6, "missing_branches": 0, "percent_branches_covered": 100.0, "percent_branches_covered_display": "100"}, "missing_lines": [], "excluded_lines": [], "start_line": 1, "executed_branches": [[27, 28], [27, 29], [29, 30], [29, 31], [31, 32], [31, 33]], "missing_branches": []}}}, "src/kmi_manager_cli/health.py": {"executed_lines": [1, 3, 4, 6, 8, 9, 10, 11, 12, 13, 16, 36, 37, 38, 39, 40, 41, 42, 43, 44, 45, 48, 49, 50, 51, 52, 53, 54, 55, 58, 59, 60, 61, 62, 63, 64, 65, 66, 67, 68, 69, 72, 73, 74, 75, 76, 77, 78, 79, 80, 81, 82, 83, 84, 85, 86, 87, 88, 89, 90, 91, 92, 93, 94, 95, 98, 99, 100, 101, 102, 105, 106, 107, 108, 109, 110, 111, 112, 115, 116, 117, 118, 119, 120, 123, 124, 125, 126, 127, 128, 129, 130, 131, 132, 133, 134, 137, 138, 139, 140, 141, 142, 145, 146, 147, 148, 149, 150, 151, 152, 153, 154, 155, 156, 157, 158, 161, 162, 163, 164, 165, 166, 167, 168, 169, 170, 171, 172, 173, 176, 177, 178, 179, 180, 181, 182, 183, 184, 185, 186, 187, 188, 189, 190, 191, 201, 204, 207, 208, 210, 211, 213, 214, 215, 216, 217, 219, 220, 221, 222, 225, 226, 227, 230, 231, 233, 236, 243, 244, 253, 254, 255, 258, 259, 260, 261, 262, 269, 270, 271, 272, 273, 274, 275, 276, 277, 278, 279, 285, 286, 287, 288, 289, 296, 297, 298, 299, 300, 301, 302, 305, 317, 320, 321, 322, 323, 324, 325, 326, 327, 329, 330, 332, 333, 335, 336, 337, 338, 339, 341, 344, 347, 348, 349, 350, 357, 358, 359, 362, 363, 364, 376, 379, 382, 383, 384, 385, 392, 393, 394, 397, 398, 401, 413], "summary": {"covered_lines": 244, "num_statements": 245, "percent_covered": 97.74647887323944, "percent_covered_display": "98", "missing_lines": 1, "excluded_lines": 0, "percent_statements_covered": 99.59183673469387, "percent_statements_covered_display": "99", "num_branches": 110, "num_partial_branches": 7, "covered_branches": 103, "missing_branches": 7, "percent_branches_covered": 93.63636363636364, "percent_branches_covered_display": "94"}, "missing_lines": [340], "excluded_lines": [], "executed_branches": [[73, 74], [73, 78], [78, 79], [78, 85], [86, 87], [86, 95], [87, 88], [87, 95], [88, 87], [88, 89], [106, 107], [106, 109], [107, 106], [107, 108], [109, 110], [109, 112], [110, 109], [110, 111], [116, 117], [116, 118], [118, 119], [118, 120], [124, 125], [124, 128], [126, 124], [126, 127], [129, 130], [129, 134], [130, 131], [132, 133], [137, 138], [137, 142], [138, 139], [140, 138], [140, 141], [147, 148], [147, 149], [150, 151], [150, 152], [152, 153], [152, 154], [154, 155], [154, 156], [156, 157], [156, 158], [162, 163], [162, 166], [164, 162], [164, 165], [167, 168], [167, 173], [168, 169], [168, 170], [170, 171], [170, 172], [178, 179], [178, 180], [181, 182], [181, 201], [182, 183], [182, 184], [213, 214], [213, 219], [219, 220], [219, 233], [221, 222], [221, 233], [230, 231], [243, 244], [243, 253], [261, 262], [261, 269], [274, 275], [274, 276], [276, 277], [276, 279], [279, 285], [279, 288], [286, 287], [286, 288], [288, 289], [288, 305], [296, 297], [300, 301], [320, 321], [320, 322], [322, 323], [322, 324], [324, 325], [324, 326], [326, 327], [326, 329], [332, 333], [332, 335], [335, 336], [335, 337], [337, 338], [337, 339], [339, 341], [349, 350], [349, 376], [384, 385], [384, 413]], "missing_branches": [[130, 134], [132, 130], [138, 142], [230, 233], [296, 305], [300, 305], [339, 340]], "functions": {"_extract_remaining_percent": {"executed_lines": [73, 74, 75, 76, 77, 78, 79, 80, 81, 82, 83, 84, 85, 86, 87, 88, 89, 90, 91, 92, 93, 94, 95], "summary": {"covered_lines": 23, "num_statements": 23, "percent_covered": 100.0, "percent_covered_display": "100", "missing_lines": 0, "excluded_lines": 0, "percent_statements_covered": 100.0, "percent_statements_covered_display": "100", "num_branches": 10, "num_partial_branches": 0, "covered_branches": 10, "missing_branches": 0, "percent_branches_covered": 100.0, "percent_branches_covered_display": "100"}, "missing_lines": [], "excluded_lines": [], "start_line": 72, "executed_branches": [[73, 74], [73, 78], [78, 79], [78, 85], [86, 87], [86, 95], [87, 88], [87, 95], [88, 87], [88, 89]], "missing_branches": []}, "_to_int": {"executed_lines": [99, 100, 101, 102], "summary": {"covered_lines": 4, "num_statements": 4, "percent_covered": 100.0, "percent_covered_display": "100", "missing_lines": 0, "excluded_lines": 0, "percent_statements_covered": 100.0, "percent_statements_covered_display": "100", "num_branches": 0, "num_partial_branches": 0, "covered_branches": 0, "missing_branches": 0, "percent_branches_covered": 100.0, "percent_branches_covered_display": "100"}, "missing_lines": [], "excluded_lines": [], "start_line": 98, "executed_branches": [], "missing_branches": []}, "_extract_reset_hint": {"executed_lines": [106, 107, 108, 109, 110, 111, 112], "summary": {"covered_lines": 7, "num_statements": 7, "percent_covered": 100.0, "percent_covered_display": "100", "missing_lines": 0, "excluded_lines": 0, "percent_statements_covered": 100.0, "percent_statements_covered_display": "100", "num_branches": 8, "num_partial_branches": 0, "covered_branches": 8, "missing_branches": 0, "percent_branches_covered": 100.0, "percent_branches_covered_display": "100"}, "missing_lines": [], "excluded_lines": [], "start_line": 105, "executed_branches": [[106, 107], [106, 109], [107, 106], [107, 108], [109, 110], [109, 112], [110, 109], [110, 111]], "missing_branches": []}, "_looks_like_email": {"executed_lines": [116, 117, 118, 119, 120], "summary": {"covered_lines": 5, "num_statements": 5, "percent_covered": 100.0, "percent_covered_display": "100", "missing_lines": 0, "excluded_lines": 0, "percent_statements_covered": 100.0, "percent_statements_covered_display": "100", "num_branches": 4, "num_partial_branches": 0, "covered_branches": 4, "missing_branches": 0, "percent_branches_covered": 100.0, "percent_branches_covered_display": "100"}, "missing_lines": [], "excluded_lines": [], "start_line": 115, "executed_branches": [[116, 117], [116, 118], [118, 119], [118, 120]], "missing_branches": []}, "_extract_email_from_payload": {"executed_lines": [124, 125, 126, 127, 128, 129, 130, 131, 132, 133, 134, 137, 138, 139, 140, 141, 142], "summary": {"covered_lines": 17, "num_statements": 17, "percent_covered": 90.9090909090909, "percent_covered_display": "91", "missing_lines": 0, "excluded_lines": 0, "percent_statements_covered": 100.0, "percent_statements_covered_display": "100", "num_branches": 16, "num_partial_branches": 3, "covered_branches": 13, "missing_branches": 3, "percent_branches_covered": 81.25, "percent_branches_covered_display": "81"}, "missing_lines": [], "excluded_lines": [], "start_line": 123, "executed_branches": [[124, 125], [124, 128], [126, 124], [126, 127], [129, 130], [129, 134], [130, 131], [132, 133], [137, 138], [137, 142], [138, 139], [140, 138], [140, 141]], "missing_branches": [[130, 134], [132, 130], [138, 142]]}, "_window_hours": {"executed_lines": [146, 147, 148, 149, 150, 151, 152, 153, 154, 155, 156, 157, 158], "summary": {"covered_lines": 13, "num_statements": 13, "percent_covered": 100.0, "percent_covered_display": "100", "missing_lines": 0, "excluded_lines": 0, "percent_statements_covered": 100.0, "percent_statements_covered_display": "100", "num_branches": 10, "num_partial_branches": 0, "covered_branches": 10, "missing_branches": 0, "percent_branches_covered": 100.0, "percent_branches_covered_display": "100"}, "missing_lines": [], "excluded_lines": [], "start_line": 145, "executed_branches": [[147, 148], [147, 149], [150, 151], [150, 152], [152, 153], [152, 154], [154, 155], [154, 156], [156, 157], [156, 158]], "missing_branches": []}, "_limit_label": {"executed_lines": [162, 163, 164, 165, 166, 167, 168, 169, 170, 171, 172, 173], "summary": {"covered_lines": 12, "num_statements": 12, "percent_covered": 100.0, "percent_covered_display": "100", "missing_lines": 0, "excluded_lines": 0, "percent_statements_covered": 100.0, "percent_statements_covered_display": "100", "num_branches": 10, "num_partial_branches": 0, "covered_branches": 10, "missing_branches": 0, "percent_branches_covered": 100.0, "percent_branches_covered_display": "100"}, "missing_lines": [], "excluded_lines": [], "start_line": 161, "executed_branches": [[162, 163], [162, 166], [164, 162], [164, 165], [167, 168], [167, 173], [168, 169], [168, 170], [170, 171], [170, 172]], "missing_branches": []}, "_parse_limits": {"executed_lines": [177, 178, 179, 180, 181, 182, 183, 184, 185, 186, 187, 188, 189, 190, 191, 201], "summary": {"covered_lines": 16, "num_statements": 16, "percent_covered": 100.0, "percent_covered_display": "100", "missing_lines": 0, "excluded_lines": 0, "percent_statements_covered": 100.0, "percent_statements_covered_display": "100", "num_branches": 6, "num_partial_branches": 0, "covered_branches": 6, "missing_branches": 0, "percent_branches_covered": 100.0, "percent_branches_covered_display": "100"}, "missing_lines": [], "excluded_lines": [], "start_line": 176, "executed_branches": [[178, 179], [178, 180], [181, 182], [181, 201], [182, 183], [182, 184]], "missing_branches": []}, "_extract_usage_summary": {"executed_lines": [207, 208, 210, 211, 213, 214, 215, 216, 217, 219, 220, 221, 222, 225, 226, 227, 230, 231, 233], "summary": {"covered_lines": 19, "num_statements": 19, "percent_covered": 96.29629629629629, "percent_covered_display": "96", "missing_lines": 0, "excluded_lines": 0, "percent_statements_covered": 100.0, "percent_statements_covered_display": "100", "num_branches": 8, "num_partial_branches": 1, "covered_branches": 7, "missing_branches": 1, "percent_branches_covered": 87.5, "percent_branches_covered_display": "88"}, "missing_lines": [], "excluded_lines": [], "start_line": 204, "executed_branches": [[213, 214], [213, 219], [219, 220], [219, 233], [221, 222], [221, 233], [230, 231]], "missing_branches": [[230, 233]]}, "fetch_usage": {"executed_lines": [243, 244, 253, 254, 255, 258, 259, 260, 261, 262, 269, 270, 271, 272, 273, 274, 275, 276, 277, 278, 279, 285, 286, 287, 288, 289, 296, 297, 298, 299, 300, 301, 302, 305], "summary": {"covered_lines": 34, "num_statements": 34, "percent_covered": 96.15384615384616, "percent_covered_display": "96", "missing_lines": 0, "excluded_lines": 0, "percent_statements_covered": 100.0, "percent_statements_covered_display": "100", "num_branches": 18, "num_partial_branches": 2, "covered_branches": 16, "missing_branches": 2, "percent_branches_covered": 88.88888888888889, "percent_branches_covered_display": "89"}, "missing_lines": [], "excluded_lines": [], "start_line": 236, "executed_branches": [[243, 244], [243, 253], [261, 262], [261, 269], [274, 275], [274, 276], [276, 277], [276, 279], [279, 285], [279, 288], [286, 287], [286, 288], [288, 289], [288, 305], [296, 297], [300, 301]], "missing_branches": [[296, 305], [300, 305]]}, "score_key": {"executed_lines": [320, 321, 322, 323, 324, 325, 326, 327, 329, 330, 332, 333, 335, 336, 337, 338, 339, 341], "summary": {"covered_lines": 18, "num_statements": 19, "percent_covered": 94.28571428571429, "percent_covered_display": "94", "missing_lines": 1, "excluded_lines": 0, "percent_statements_covered": 94.73684210526316, "percent_statements_covered_display": "95", "num_branches": 16, "num_partial_branches": 1, "covered_branches": 15, "missing_branches": 1, "percent_branches_covered": 93.75, "percent_branches_covered_display": "94"}, "missing_lines": [340], "excluded_lines": [], "start_line": 317, "executed_branches": [[320, 321], [320, 322], [322, 323], [322, 324], [324, 325], [324, 326], [326, 327], [326, 329], [332, 333], [332, 335], [335, 336], [335, 337], [337, 338], [337, 339], [339, 341]], "missing_branches": [[339, 340]]}, "get_health_map": {"executed_lines": [347, 348, 349, 350, 357, 358, 359, 362, 363, 364, 376], "summary": {"covered_lines": 11, "num_statements": 11, "percent_covered": 100.0, "percent_covered_display": "100", "missing_lines": 0, "excluded_lines": 0, "percent_statements_covered": 100.0, "percent_statements_covered_display": "100", "num_branches": 2, "num_partial_branches": 0, "covered_branches": 2, "missing_branches": 0, "percent_branches_covered": 100.0, "percent_branches_covered_display": "100"}, "missing_lines": [], "excluded_lines": [], "start_line": 344, "executed_branches": [[349, 350], [349, 376]], "missing_branches": []}, "get_accounts_health": {"executed_lines": [382, 383, 384, 385, 392, 393, 394, 397, 398, 401, 413], "summary": {"covered_lines": 11, "num_statements": 11, "percent_covered": 100.0, "percent_covered_display": "100", "missing_lines": 0, "excluded_lines": 0, "percent_statements_covered": 100.0, "percent_statements_covered_display": "100", "num_branches": 2, "num_partial_branches": 0, "covered_branches": 2, "missing_branches": 0, "percent_branches_covered": 100.0, "percent_branches_covered_display": "100"}, "missing_lines": [], "excluded_lines": [], "start_line": 379, "executed_branches": [[384, 385], [384, 413]], "missing_branches": []}, "": {"executed_lines": [1, 3, 4, 6, 8, 9, 10, 11, 12, 13, 16, 36, 37, 38, 39, 40, 41, 42, 43, 44, 45, 48, 49, 50, 51, 52, 53, 54, 55, 58, 59, 60, 61, 62, 63, 64, 65, 66, 67, 68, 69, 72, 98, 105, 115, 123, 145, 161, 176, 204, 236, 317, 344, 379], "summary": {"covered_lines": 54, "num_statements": 54, "percent_covered": 100.0, "percent_covered_display": "100", "missing_lines": 0, "excluded_lines": 0, "percent_statements_covered": 100.0, "percent_statements_covered_display": "100", "num_branches": 0, "num_partial_branches": 0, "covered_branches": 0, "missing_branches": 0, "percent_branches_covered": 100.0, "percent_branches_covered_display": "100"}, "missing_lines": [], "excluded_lines": [], "start_line": 1, "executed_branches": [], "missing_branches": []}}, "classes": {"Usage": {"executed_lines": [], "summary": {"covered_lines": 0, "num_statements": 0, "percent_covered": 100.0, "percent_covered_display": "100", "missing_lines": 0, "excluded_lines": 0, "percent_statements_covered": 100.0, "percent_statements_covered_display": "100", "num_branches": 0, "num_partial_branches": 0, "covered_branches": 0, "missing_branches": 0, "percent_branches_covered": 100.0, "percent_branches_covered_display": "100"}, "missing_lines": [], "excluded_lines": [], "start_line": 37, "executed_branches": [], "missing_branches": []}, "LimitInfo": {"executed_lines": [], "summary": {"covered_lines": 0, "num_statements": 0, "percent_covered": 100.0, "percent_covered_display": "100", "missing_lines": 0, "excluded_lines": 0, "percent_statements_covered": 100.0, "percent_statements_covered_display": "100", "num_branches": 0, "num_partial_branches": 0, "covered_branches": 0, "missing_branches": 0, "percent_branches_covered": 100.0, "percent_branches_covered_display": "100"}, "missing_lines": [], "excluded_lines": [], "start_line": 49, "executed_branches": [], "missing_branches": []}, "HealthInfo": {"executed_lines": [], "summary": {"covered_lines": 0, "num_statements": 0, "percent_covered": 100.0, "percent_covered_display": "100", "missing_lines": 0, "excluded_lines": 0, "percent_statements_covered": 100.0, "percent_statements_covered_display": "100", "num_branches": 0, "num_partial_branches": 0, "covered_branches": 0, "missing_branches": 0, "percent_branches_covered": 100.0, "percent_branches_covered_display": "100"}, "missing_lines": [], "excluded_lines": [], "start_line": 59, "executed_branches": [], "missing_branches": []}, "": {"executed_lines": [1, 3, 4, 6, 8, 9, 10, 11, 12, 13, 16, 36, 37, 38, 39, 40, 41, 42, 43, 44, 45, 48, 49, 50, 51, 52, 53, 54, 55, 58, 59, 60, 61, 62, 63, 64, 65, 66, 67, 68, 69, 72, 73, 74, 75, 76, 77, 78, 79, 80, 81, 82, 83, 84, 85, 86, 87, 88, 89, 90, 91, 92, 93, 94, 95, 98, 99, 100, 101, 102, 105, 106, 107, 108, 109, 110, 111, 112, 115, 116, 117, 118, 119, 120, 123, 124, 125, 126, 127, 128, 129, 130, 131, 132, 133, 134, 137, 138, 139, 140, 141, 142, 145, 146, 147, 148, 149, 150, 151, 152, 153, 154, 155, 156, 157, 158, 161, 162, 163, 164, 165, 166, 167, 168, 169, 170, 171, 172, 173, 176, 177, 178, 179, 180, 181, 182, 183, 184, 185, 186, 187, 188, 189, 190, 191, 201, 204, 207, 208, 210, 211, 213, 214, 215, 216, 217, 219, 220, 221, 222, 225, 226, 227, 230, 231, 233, 236, 243, 244, 253, 254, 255, 258, 259, 260, 261, 262, 269, 270, 271, 272, 273, 274, 275, 276, 277, 278, 279, 285, 286, 287, 288, 289, 296, 297, 298, 299, 300, 301, 302, 305, 317, 320, 321, 322, 323, 324, 325, 326, 327, 329, 330, 332, 333, 335, 336, 337, 338, 339, 341, 344, 347, 348, 349, 350, 357, 358, 359, 362, 363, 364, 376, 379, 382, 383, 384, 385, 392, 393, 394, 397, 398, 401, 413], "summary": {"covered_lines": 244, "num_statements": 245, "percent_covered": 97.74647887323944, "percent_covered_display": "98", "missing_lines": 1, "excluded_lines": 0, "percent_statements_covered": 99.59183673469387, "percent_statements_covered_display": "99", "num_branches": 110, "num_partial_branches": 7, "covered_branches": 103, "missing_branches": 7, "percent_branches_covered": 93.63636363636364, "percent_branches_covered_display": "94"}, "missing_lines": [340], "excluded_lines": [], "start_line": 1, "executed_branches": [[73, 74], [73, 78], [78, 79], [78, 85], [86, 87], [86, 95], [87, 88], [87, 95], [88, 87], [88, 89], [106, 107], [106, 109], [107, 106], [107, 108], [109, 110], [109, 112], [110, 109], [110, 111], [116, 117], [116, 118], [118, 119], [118, 120], [124, 125], [124, 128], [126, 124], [126, 127], [129, 130], [129, 134], [130, 131], [132, 133], [137, 138], [137, 142], [138, 139], [140, 138], [140, 141], [147, 148], [147, 149], [150, 151], [150, 152], [152, 153], [152, 154], [154, 155], [154, 156], [156, 157], [156, 158], [162, 163], [162, 166], [164, 162], [164, 165], [167, 168], [167, 173], [168, 169], [168, 170], [170, 171], [170, 172], [178, 179], [178, 180], [181, 182], [181, 201], [182, 183], [182, 184], [213, 214], [213, 219], [219, 220], [219, 233], [221, 222], [221, 233], [230, 231], [243, 244], [243, 253], [261, 262], [261, 269], [274, 275], [274, 276], [276, 277], [276, 279], [279, 285], [279, 288], [286, 287], [286, 288], [288, 289], [288, 305], [296, 297], [300, 301], [320, 321], [320, 322], [322, 323], [322, 324], [324, 325], [324, 326], [326, 327], [326, 329], [332, 333], [332, 335], [335, 336], [335, 337], [337, 338], [337, 339], [339, 341], [349, 350], [349, 376], [384, 385], [384, 413]], "missing_branches": [[130, 134], [132, 130], [138, 142], [230, 233], [296, 305], [300, 305], [339, 340]]}}}, "src/kmi_manager_cli/keys.py": {"executed_lines": [1, 3, 4, 5, 6, 8, 10, 14, 15, 18, 44, 45, 46, 47, 50, 51, 52, 53, 54, 55, 58, 59, 60, 61, 62, 63, 64, 66, 67, 68, 71, 72, 73, 74, 76, 77, 78, 79, 80, 81, 83, 84, 85, 86, 87, 90, 91, 92, 95, 101, 102, 103, 104, 106, 107, 108, 109, 110, 112, 113, 114, 115, 116, 117, 118, 119, 121, 122, 123, 124, 125, 126, 127, 135, 137, 138, 141, 142], "summary": {"covered_lines": 78, "num_statements": 79, "percent_covered": 98.05825242718447, "percent_covered_display": "98", "missing_lines": 1, "excluded_lines": 0, "percent_statements_covered": 98.73417721518987, "percent_statements_covered_display": "99", "num_branches": 24, "num_partial_branches": 1, "covered_branches": 23, "missing_branches": 1, "percent_branches_covered": 95.83333333333333, "percent_branches_covered_display": "96"}, "missing_lines": [111], "excluded_lines": [], "executed_branches": [[45, 46], [45, 47], [51, 52], [51, 53], [53, 54], [53, 55], [78, 79], [78, 80], [84, 85], [84, 87], [85, 84], [85, 86], [102, 103], [102, 104], [107, 108], [107, 121], [108, 109], [108, 110], [110, 112], [123, 124], [123, 137], [124, 125], [124, 126]], "missing_branches": [[110, 111]], "functions": {"_parse_bool": {"executed_lines": [45, 46, 47], "summary": {"covered_lines": 3, "num_statements": 3, "percent_covered": 100.0, "percent_covered_display": "100", "missing_lines": 0, "excluded_lines": 0, "percent_statements_covered": 100.0, "percent_statements_covered_display": "100", "num_branches": 2, "num_partial_branches": 0, "covered_branches": 2, "missing_branches": 0, "percent_branches_covered": 100.0, "percent_branches_covered_display": "100"}, "missing_lines": [], "excluded_lines": [], "start_line": 44, "executed_branches": [[45, 46], [45, 47]], "missing_branches": []}, "mask_key": {"executed_lines": [51, 52, 53, 54, 55], "summary": {"covered_lines": 5, "num_statements": 5, "percent_covered": 100.0, "percent_covered_display": "100", "missing_lines": 0, "excluded_lines": 0, "percent_statements_covered": 100.0, "percent_statements_covered_display": "100", "num_branches": 4, "num_partial_branches": 0, "covered_branches": 4, "missing_branches": 0, "percent_branches_covered": 100.0, "percent_branches_covered_display": "100"}, "missing_lines": [], "excluded_lines": [], "start_line": 50, "executed_branches": [[51, 52], [51, 53], [53, 54], [53, 55]], "missing_branches": []}, "KeyRecord.__post_init__": {"executed_lines": [67, 68], "summary": {"covered_lines": 2, "num_statements": 2, "percent_covered": 100.0, "percent_covered_display": "100", "missing_lines": 0, "excluded_lines": 0, "percent_statements_covered": 100.0, "percent_statements_covered_display": "100", "num_branches": 0, "num_partial_branches": 0, "covered_branches": 0, "missing_branches": 0, "percent_branches_covered": 100.0, "percent_branches_covered_display": "100"}, "missing_lines": [], "excluded_lines": [], "start_line": 66, "executed_branches": [], "missing_branches": []}, "Registry.active_key": {"executed_lines": [78, 79, 80, 81], "summary": {"covered_lines": 4, "num_statements": 4, "percent_covered": 100.0, "percent_covered_display": "100", "missing_lines": 0, "excluded_lines": 0, "percent_statements_covered": 100.0, "percent_statements_covered_display": "100", "num_branches": 2, "num_partial_branches": 0, "covered_branches": 2, "missing_branches": 0, "percent_branches_covered": 100.0, "percent_branches_covered_display": "100"}, "missing_lines": [], "excluded_lines": [], "start_line": 77, "executed_branches": [[78, 79], [78, 80]], "missing_branches": []}, "Registry.find_by_label": {"executed_lines": [84, 85, 86, 87], "summary": {"covered_lines": 4, "num_statements": 4, "percent_covered": 100.0, "percent_covered_display": "100", "missing_lines": 0, "excluded_lines": 0, "percent_statements_covered": 100.0, "percent_statements_covered_display": "100", "num_branches": 4, "num_partial_branches": 0, "covered_branches": 4, "missing_branches": 0, "percent_branches_covered": 100.0, "percent_branches_covered_display": "100"}, "missing_lines": [], "excluded_lines": [], "start_line": 83, "executed_branches": [[84, 85], [84, 87], [85, 84], [85, 86]], "missing_branches": []}, "load_env_file": {"executed_lines": [91, 92], "summary": {"covered_lines": 2, "num_statements": 2, "percent_covered": 100.0, "percent_covered_display": "100", "missing_lines": 0, "excluded_lines": 0, "percent_statements_covered": 100.0, "percent_statements_covered_display": "100", "num_branches": 0, "num_partial_branches": 0, "covered_branches": 0, "missing_branches": 0, "percent_branches_covered": 100.0, "percent_branches_covered_display": "100"}, "missing_lines": [], "excluded_lines": [], "start_line": 90, "executed_branches": [], "missing_branches": []}, "load_auths_dir": {"executed_lines": [101, 102, 103, 104, 106, 107, 108, 109, 110, 112, 113, 114, 115, 116, 117, 118, 119, 121, 122, 123, 124, 125, 126, 127, 135, 137, 138], "summary": {"covered_lines": 27, "num_statements": 28, "percent_covered": 95.0, "percent_covered_display": "95", "missing_lines": 1, "excluded_lines": 0, "percent_statements_covered": 96.42857142857143, "percent_statements_covered_display": "96", "num_branches": 12, "num_partial_branches": 1, "covered_branches": 11, "missing_branches": 1, "percent_branches_covered": 91.66666666666667, "percent_branches_covered_display": "92"}, "missing_lines": [111], "excluded_lines": [], "start_line": 95, "executed_branches": [[102, 103], [102, 104], [107, 108], [107, 121], [108, 109], [108, 110], [110, 112], [123, 124], [123, 137], [124, 125], [124, 126]], "missing_branches": [[110, 111]]}, "iter_masked_keys": {"executed_lines": [142], "summary": {"covered_lines": 1, "num_statements": 1, "percent_covered": 100.0, "percent_covered_display": "100", "missing_lines": 0, "excluded_lines": 0, "percent_statements_covered": 100.0, "percent_statements_covered_display": "100", "num_branches": 0, "num_partial_branches": 0, "covered_branches": 0, "missing_branches": 0, "percent_branches_covered": 100.0, "percent_branches_covered_display": "100"}, "missing_lines": [], "excluded_lines": [], "start_line": 141, "executed_branches": [], "missing_branches": []}, "": {"executed_lines": [1, 3, 4, 5, 6, 8, 10, 14, 15, 18, 44, 50, 58, 59, 60, 61, 62, 63, 64, 66, 71, 72, 73, 74, 76, 77, 83, 90, 95, 141], "summary": {"covered_lines": 30, "num_statements": 30, "percent_covered": 100.0, "percent_covered_display": "100", "missing_lines": 0, "excluded_lines": 0, "percent_statements_covered": 100.0, "percent_statements_covered_display": "100", "num_branches": 0, "num_partial_branches": 0, "covered_branches": 0, "missing_branches": 0, "percent_branches_covered": 100.0, "percent_branches_covered_display": "100"}, "missing_lines": [], "excluded_lines": [], "start_line": 1, "executed_branches": [], "missing_branches": []}}, "classes": {"KeyRecord": {"executed_lines": [67, 68], "summary": {"covered_lines": 2, "num_statements": 2, "percent_covered": 100.0, "percent_covered_display": "100", "missing_lines": 0, "excluded_lines": 0, "percent_statements_covered": 100.0, "percent_statements_covered_display": "100", "num_branches": 0, "num_partial_branches": 0, "covered_branches": 0, "missing_branches": 0, "percent_branches_covered": 100.0, "percent_branches_covered_display": "100"}, "missing_lines": [], "excluded_lines": [], "start_line": 59, "executed_branches": [], "missing_branches": []}, "Registry": {"executed_lines": [78, 79, 80, 81, 84, 85, 86, 87], "summary": {"covered_lines": 8, "num_statements": 8, "percent_covered": 100.0, "percent_covered_display": "100", "missing_lines": 0, "excluded_lines": 0, "percent_statements_covered": 100.0, "percent_statements_covered_display": "100", "num_branches": 6, "num_partial_branches": 0, "covered_branches": 6, "missing_branches": 0, "percent_branches_covered": 100.0, "percent_branches_covered_display": "100"}, "missing_lines": [], "excluded_lines": [], "start_line": 72, "executed_branches": [[78, 79], [78, 80], [84, 85], [84, 87], [85, 84], [85, 86]], "missing_branches": []}, "": {"executed_lines": [1, 3, 4, 5, 6, 8, 10, 14, 15, 18, 44, 45, 46, 47, 50, 51, 52, 53, 54, 55, 58, 59, 60, 61, 62, 63, 64, 66, 71, 72, 73, 74, 76, 77, 83, 90, 91, 92, 95, 101, 102, 103, 104, 106, 107, 108, 109, 110, 112, 113, 114, 115, 116, 117, 118, 119, 121, 122, 123, 124, 125, 126, 127, 135, 137, 138, 141, 142], "summary": {"covered_lines": 68, "num_statements": 69, "percent_covered": 97.70114942528735, "percent_covered_display": "98", "missing_lines": 1, "excluded_lines": 0, "percent_statements_covered": 98.55072463768116, "percent_statements_covered_display": "99", "num_branches": 18, "num_partial_branches": 1, "covered_branches": 17, "missing_branches": 1, "percent_branches_covered": 94.44444444444444, "percent_branches_covered_display": "94"}, "missing_lines": [111], "excluded_lines": [], "start_line": 1, "executed_branches": [[45, 46], [45, 47], [51, 52], [51, 53], [53, 54], [53, 55], [102, 103], [102, 104], [107, 108], [107, 121], [108, 109], [108, 110], [110, 112], [123, 124], [123, 137], [124, 125], [124, 126]], "missing_branches": [[110, 111]]}}}, "src/kmi_manager_cli/locking.py": {"executed_lines": [1, 3, 4, 5, 6, 7, 9, 10, 15, 16, 19, 20, 21, 22, 23, 24, 25, 27, 28, 29, 30, 33, 34, 35, 36, 38, 39, 41, 42, 43, 44, 45, 46, 49, 50, 51, 52, 53], "summary": {"covered_lines": 38, "num
[...]
": 0, "percent_statements_covered": 100.0, "percent_statements_covered_display": "100", "num_branches": 0, "num_partial_branches": 0, "covered_branches": 0, "missing_branches": 0, "percent_branches_covered": 100.0, "percent_branches_covered_display": "100"}, "missing_lines": [], "excluded_lines": [], "start_line": 167, "executed_branches": [], "missing_branches": []}, "mark_last_used": {"executed_lines": [183, 184, 185, 186], "summary": {"covered_lines": 4, "num_statements": 4, "percent_covered": 100.0, "percent_covered_display": "100", "missing_lines": 0, "excluded_lines": 0, "percent_statements_covered": 100.0, "percent_statements_covered_display": "100", "num_branches": 2, "num_partial_branches": 0, "covered_branches": 2, "missing_branches": 0, "percent_branches_covered": 100.0, "percent_branches_covered_display": "100"}, "missing_lines": [], "excluded_lines": [], "start_line": 182, "executed_branches": [[184, 185], [184, 186]], "missing_branches": []}, "record_request": {"executed_lines": [190, 191, 192, 193, 194, 195, 196, 197, 198, 199, 200, 201, 202, 203, 204, 205, 206, 207, 208], "summary": {"covered_lines": 19, "num_statements": 19, "percent_covered": 100.0, "percent_covered_display": "100", "missing_lines": 0, "excluded_lines": 0, "percent_statements_covered": 100.0, "percent_statements_covered_display": "100", "num_branches": 18, "num_partial_branches": 0, "covered_branches": 18, "missing_branches": 0, "percent_branches_covered": 100.0, "percent_branches_covered_display": "100"}, "missing_lines": [], "excluded_lines": [], "start_line": 189, "executed_branches": [[190, 191], [190, 192], [194, 195], [194, 196], [196, 197], [196, 198], [198, 199], [198, 200], [200, 201], [200, 202], [202, -189], [202, 203], [203, 204], [203, 205], [205, 206], [205, 207], [207, -189], [207, 208]], "missing_branches": []}, "": {"executed_lines": [1, 3, 4, 5, 6, 7, 9, 10, 11, 12, 13, 15, 38, 41, 42, 43, 44, 45, 46, 47, 48, 49, 50, 51, 54, 55, 56, 57, 58, 59, 60, 61, 63, 73, 74, 87, 102, 106, 167, 182, 189], "summary": {"covered_lines": 41, "num_statements": 41, "percent_covered": 100.0, "percent_covered_display": "100", "missing_lines": 0, "excluded_lines": 0, "percent_statements_covered": 100.0, "percent_statements_covered_display": "100", "num_branches": 0, "num_partial_branches": 0, "covered_branches": 0, "missing_branches": 0, "percent_branches_covered": 100.0, "percent_branches_covered_display": "100"}, "missing_lines": [], "excluded_lines": [], "start_line": 1, "executed_branches": [], "missing_branches": []}}, "classes": {"KeyState": {"executed_lines": [], "summary": {"covered_lines": 0, "num_statements": 0, "percent_covered": 100.0, "percent_covered_display": "100", "missing_lines": 0, "excluded_lines": 0, "percent_statements_covered": 100.0, "percent_statements_covered_display": "100", "num_branches": 0, "num_partial_branches": 0, "covered_branches": 0, "missing_branches": 0, "percent_branches_covered": 100.0, "percent_branches_covered_display": "100"}, "missing_lines": [], "excluded_lines": [], "start_line": 42, "executed_branches": [], "missing_branches": []}, "State": {"executed_lines": [64, 75, 76, 77], "summary": {"covered_lines": 4, "num_statements": 4, "percent_covered": 100.0, "percent_covered_display": "100", "missing_lines": 0, "excluded_lines": 0, "percent_statements_covered": 100.0, "percent_statements_covered_display": "100", "num_branches": 0, "num_partial_branches": 0, "covered_branches": 0, "missing_branches": 0, "percent_branches_covered": 100.0, "percent_branches_covered_display": "100"}, "missing_lines": [], "excluded_lines": [], "start_line": 55, "executed_branches": [], "missing_branches": []}, "": {"executed_lines": [1, 3, 4, 5, 6, 7, 9, 10, 11, 12, 13, 15, 38, 41, 42, 43, 44, 45, 46, 47, 48, 49, 50, 51, 54, 55, 56, 57, 58, 59, 60, 61, 63, 73, 74, 87, 88, 89, 90, 91, 92, 93, 94, 95, 96, 97, 98, 99, 102, 103, 106, 107, 108, 109, 110, 117, 118, 119, 121, 122, 123, 124, 125, 126, 127, 128, 129, 130, 131, 132, 133, 134, 138, 139, 140, 142, 143, 146, 147, 148, 149, 152, 153, 154, 155, 156, 158, 159, 160, 162, 163, 164, 167, 168, 169, 170, 171, 172, 173, 182, 183, 184, 185, 186, 189, 190, 191, 192, 193, 194, 195, 196, 197, 198, 199, 200, 201, 202, 203, 204, 205, 206, 207, 208], "summary": {"covered_lines": 124, "num_statements": 124, "percent_covered": 99.4047619047619, "percent_covered_display": "99", "missing_lines": 0, "excluded_lines": 0, "percent_statements_covered": 100.0, "percent_statements_covered_display": "100", "num_branches": 44, "num_partial_branches": 1, "covered_branches": 43, "missing_branches": 1, "percent_branches_covered": 97.72727272727273, "percent_branches_covered_display": "98"}, "missing_lines": [], "excluded_lines": [], "start_line": 1, "executed_branches": [[93, 94], [93, 96], [96, 97], [96, 99], [118, 119], [118, 121], [122, 123], [122, 142], [128, 129], [128, 131], [131, 132], [131, 146], [146, 147], [146, 152], [147, 146], [147, 148], [152, 153], [152, 158], [154, 155], [154, 162], [158, 159], [162, 163], [162, 164], [184, 185], [184, 186], [190, 191], [190, 192], [194, 195], [194, 196], [196, 197], [196, 198], [198, 199], [198, 200], [200, 201], [200, 202], [202, -189], [202, 203], [203, 204], [203, 205], [205, 206], [205, 207], [207, -189], [207, 208]], "missing_branches": [[158, 162]]}}}, "src/kmi_manager_cli/time_utils.py": {"executed_lines": [1, 3, 4, 6, 7, 12, 13, 14, 15, 16, 17, 18, 19, 20, 21, 22, 23, 25, 26, 27, 28, 29, 30, 31, 32, 33, 34, 35, 36, 39, 40, 41, 42, 43, 46, 47, 48, 51, 52, 53, 54, 55, 56, 57, 58], "summary": {"covered_lines": 45, "num_statements": 45, "percent_covered": 100.0, "percent_covered_display": "100", "missing_lines": 0, "excluded_lines": 2, "percent_statements_covered": 100.0, "percent_statements_covered_display": "100", "num_branches": 12, "num_partial_branches": 0, "covered_branches": 12, "missing_branches": 0, "percent_branches_covered": 100.0, "percent_branches_covered_display": "100"}, "missing_lines": [], "excluded_lines": [8, 9], "executed_branches": [[13, 14], [13, 15], [17, 18], [17, 19], [19, 20], [19, 31], [22, 23], [22, 25], [31, 32], [31, 36], [52, 53], [52, 54]], "missing_branches": [], "functions": {"resolve_timezone": {"executed_lines": [13, 14, 15, 16, 17, 18, 19, 20, 21, 22, 23, 25, 26, 27, 28, 29, 30, 31, 32, 33, 34, 35, 36], "summary": {"covered_lines": 23, "num_statements": 23, "percent_covered": 100.0, "percent_covered_display": "100", "missing_lines": 0, "excluded_lines": 0, "percent_statements_covered": 100.0, "percent_statements_covered_display": "100", "num_branches": 10, "num_partial_branches": 0, "covered_branches": 10, "missing_branches": 0, "percent_branches_covered": 100.0, "percent_branches_covered_display": "100"}, "missing_lines": [], "excluded_lines": [], "start_line": 12, "executed_branches": [[13, 14], [13, 15], [17, 18], [17, 19], [19, 20], [19, 31], [22, 23], [22, 25], [31, 32], [31, 36]], "missing_branches": []}, "format_timestamp": {"executed_lines": [40, 41, 42, 43], "summary": {"covered_lines": 4, "num_statements": 4, "percent_covered": 100.0, "percent_covered_display": "100", "missing_lines": 0, "excluded_lines": 0, "percent_statements_covered": 100.0, "percent_statements_covered_display": "100", "num_branches": 0, "num_partial_branches": 0, "covered_branches": 0, "missing_branches": 0, "percent_branches_covered": 100.0, "percent_branches_covered_display": "100"}, "missing_lines": [], "excluded_lines": [], "start_line": 39, "executed_branches": [], "missing_branches": []}, "now_timestamp": {"executed_lines": [47, 48], "summary": {"covered_lines": 2, "num_statements": 2, "percent_covered": 100.0, "percent_covered_display": "100", "missing_lines": 0, "excluded_lines": 0, "percent_statements_covered": 100.0, "percent_statements_covered_display": "100", "num_branches": 0, "num_partial_branches": 0, "covered_branches": 0, "missing_branches": 0, "percent_branches_covered": 100.0, "percent_branches_covered_display": "100"}, "missing_lines": [], "excluded_lines": [], "start_line": 46, "executed_branches": [], "missing_branches": []}, "parse_iso_timestamp": {"executed_lines": [52, 53, 54, 55, 56, 57, 58], "summary": {"covered_lines": 7, "num_statements": 7, "percent_covered": 100.0, "percent_covered_display": "100", "missing_lines": 0, "excluded_lines": 0, "percent_statements_covered": 100.0, "percent_statements_covered_display": "100", "num_branches": 2, "num_partial_branches": 0, "covered_branches": 2, "missing_branches": 0, "percent_branches_covered": 100.0, "percent_branches_covered_display": "100"}, "missing_lines": [], "excluded_lines": [], "start_line": 51, "executed_branches": [[52, 53], [52, 54]], "missing_branches": []}, "": {"executed_lines": [1, 3, 4, 6, 7, 12, 39, 46, 51], "summary": {"covered_lines": 9, "num_statements": 9, "percent_covered": 100.0, "percent_covered_display": "100", "missing_lines": 0, "excluded_lines": 2, "percent_statements_covered": 100.0, "percent_statements_covered_display": "100", "num_branches": 0, "num_partial_branches": 0, "covered_branches": 0, "missing_branches": 0, "percent_branches_covered": 100.0, "percent_branches_covered_display": "100"}, "missing_lines": [], "excluded_lines": [8, 9], "start_line": 1, "executed_branches": [], "missing_branches": []}}, "classes": {"": {"executed_lines": [1, 3, 4, 6, 7, 12, 13, 14, 15, 16, 17, 18, 19, 20, 21, 22, 23, 25, 26, 27, 28, 29, 30, 31, 32, 33, 34, 35, 36, 39, 40, 41, 42, 43, 46, 47, 48, 51, 52, 53, 54, 55, 56, 57, 58], "summary": {"covered_lines": 45, "num_statements": 45, "percent_covered": 100.0, "percent_covered_display": "100", "missing_lines": 0, "excluded_lines": 2, "percent_statements_covered": 100.0, "percent_statements_covered_display": "100", "num_branches": 12, "num_partial_branches": 0, "covered_branches": 12, "missing_branches": 0, "percent_branches_covered": 100.0, "percent_branches_covered_display": "100"}, "missing_lines": [], "excluded_lines": [8, 9], "start_line": 1, "executed_branches": [[13, 14], [13, 15], [17, 18], [17, 19], [19, 20], [19, 31], [22, 23], [22, 25], [31, 32], [31, 36], [52, 53], [52, 54]], "missing_branches": []}}}, "src/kmi_manager_cli/trace.py": {"executed_lines": [1, 3, 4, 5, 6, 7, 8, 10, 11, 12, 13, 14, 17, 18, 21, 22, 23, 26, 27, 28, 29, 30, 37, 40, 41, 42, 43, 44, 45, 46, 47, 48, 49, 50, 51, 54, 55, 56, 57, 58, 61, 62, 63, 64, 65, 66, 67, 69, 70, 71, 72, 73, 74, 75, 84, 85, 86, 87, 88, 89, 90, 91, 92, 93, 94, 95, 96, 97, 98, 99, 100, 101, 102, 103, 106, 107, 108, 109, 110, 111, 112, 113, 114, 115, 116, 117, 120, 121, 122, 123, 124, 125, 126, 127, 128, 129, 130, 131, 133, 134, 135, 138, 139, 140, 141, 142, 143, 144, 145], "summary": {"covered_lines": 109, "num_statements": 111, "percent_covered": 95.91836734693878, "percent_covered_display": "96", "missing_lines": 2, "excluded_lines": 0, "percent_statements_covered": 98.1981981981982, "percent_statements_covered_display": "98", "num_branches": 36, "num_partial_branches": 4, "covered_branches": 32, "missing_branches": 4, "percent_branches_covered": 88.88888888888889, "percent_branches_covered_display": "89"}, "missing_lines": [68, 132], "excluded_lines": [], "executed_branches": [[41, 42], [41, 45], [42, 43], [42, 44], [45, 46], [45, 50], [48, 45], [48, 49], [50, 51], [55, 56], [55, 57], [57, -54], [57, 58], [64, 65], [67, 69], [85, 86], [85, 87], [92, 93], [92, 103], [99, 100], [99, 102], [107, 108], [107, 109], [112, 113], [112, 117], [122, 123], [122, 124], [125, 126], [125, 128], [131, 133], [141, 142], [141, 145]], "missing_branches": [[50, -40], [64, 70], [67, 68], [131, 132]], "functions": {"trace_now_str": {"executed_lines": [22, 23], "summary": {"covered_lines": 2, "num_statements": 2, "percent_covered": 100.0, "percent_covered_display": "100", "missing_lines": 0, "excluded_lines": 0, "percent_statements_covered": 100.0, "percent_statements_covered_display": "100", "num_branches": 0, "num_partial_branches": 0, "covered_branches": 0, "missing_branches": 0, "percent_branches_covered": 100.0, "percent_branches_covered_display": "100"}, "missing_lines": [], "excluded_lines": [], "start_line": 21, "executed_branches": [], "missing_branches": []}, "trace_path": {"executed_lines": [27, 28, 29, 30, 37], "summary": {"covered_lines": 5, "num_statements": 5, "percent_covered": 100.0, "percent_covered_display": "100", "missing_lines": 0, "excluded_lines": 0, "percent_statements_covered": 100.0, "percent_statements_covered_display": "100", "num_branches": 0, "num_partial_branches": 0, "covered_branches": 0, "missing_branches": 0, "percent_branches_covered": 100.0, "percent_branches_covered_display": "100"}, "missing_lines": [], "excluded_lines": [], "start_line": 26, "executed_branches": [], "missing_branches": []}, "_rotate_trace": {"executed_lines": [41, 42, 43, 44, 45, 46, 47, 48, 49, 50, 51], "summary": {"covered_lines": 11, "num_statements": 11, "percent_covered": 95.23809523809524, "percent_covered_display": "95", "missing_lines": 0, "excluded_lines": 0, "percent_statements_covered": 100.0, "percent_statements_covered_display": "100", "num_branches": 10, "num_partial_branches": 1, "covered_branches": 9, "missing_branches": 1, "percent_branches_covered": 90.0, "percent_branches_covered_display": "90"}, "missing_lines": [], "excluded_lines": [], "start_line": 40, "executed_branches": [[41, 42], [41, 45], [42, 43], [42, 44], [45, 46], [45, 50], [48, 45], [48, 49], [50, 51]], "missing_branches": [[50, -40]]}, "_rotate_trace_if_needed": {"executed_lines": [55, 56, 57, 58], "summary": {"covered_lines": 4, "num_statements": 4, "percent_covered": 100.0, "percent_covered_display": "100", "missing_lines": 0, "excluded_lines": 0, "percent_statements_covered": 100.0, "percent_statements_covered_display": "100", "num_branches": 4, "num_partial_branches": 0, "covered_branches": 4, "missing_branches": 0, "percent_branches_covered": 100.0, "percent_branches_covered_display": "100"}, "missing_lines": [], "excluded_lines": [], "start_line": 54, "executed_branches": [[55, 56], [55, 57], [57, -54], [57, 58]], "missing_branches": []}, "append_trace": {"executed_lines": [62, 63, 64, 65, 66, 67, 69, 70, 71, 72, 73, 74, 75], "summary": {"covered_lines": 13, "num_statements": 14, "percent_covered": 83.33333333333333, "percent_covered_display": "83", "missing_lines": 1, "excluded_lines": 0, "percent_statements_covered": 92.85714285714286, "percent_statements_covered_display": "93", "num_branches": 4, "num_partial_branches": 2, "covered_branches": 2, "missing_branches": 2, "percent_branches_covered": 50.0, "percent_branches_covered_display": "50"}, "missing_lines": [68], "excluded_lines": [], "start_line": 61, "executed_branches": [[64, 65], [67, 69]], "missing_branches": [[64, 70], [67, 68]]}, "_tail_lines": {"executed_lines": [85, 86, 87, 88, 89, 90, 91, 92, 93, 94, 95, 96, 97, 98, 99, 100, 101, 102, 103], "summary": {"covered_lines": 19, "num_statements": 19, "percent_covered": 100.0, "percent_covered_display": "100", "missing_lines": 0, "excluded_lines": 0, "percent_statements_covered": 100.0, "percent_statements_covered_display": "100", "num_branches": 6, "num_partial_branches": 0, "covered_branches": 6, "missing_branches": 0, "percent_branches_covered": 100.0, "percent_branches_covered_display": "100"}, "missing_lines": [], "excluded_lines": [], "start_line": 84, "executed_branches": [[85, 86], [85, 87], [92, 93], [92, 103], [99, 100], [99, 102]], "missing_branches": []}, "load_trace_entries": {"executed_lines": [107, 108, 109, 110, 111, 112, 113, 114, 115, 116, 117], "summary": {"covered_lines": 11, "num_statements": 11, "percent_covered": 100.0, "percent_covered_display": "100", "missing_lines": 0, "excluded_lines": 0, "percent_statements_covered": 100.0, "percent_statements_covered_display": "100", "num_branches": 4, "num_partial_branches": 0, "covered_branches": 4, "missing_branches": 0, "percent_branches_covered": 100.0, "percent_branches_covered_display": "100"}, "missing_lines": [], "excluded_lines": [], "start_line": 106, "executed_branches": [[107, 108], [107, 109], [112, 113], [112, 117]], "missing_branches": []}, "compute_confidence": {"executed_lines": [121, 122, 123, 124, 125, 126, 127, 128, 129, 130, 131, 133, 134, 135], "summary": {"covered_lines": 14, "num_statements": 15, "percent_covered": 90.47619047619048, "percent_covered_display": "90", "missing_lines": 1, "excluded_lines": 0, "percent_statements_covered": 93.33333333333333, "percent_statements_covered_display": "93", "num_branches": 6, "num_partial_branches": 1, "covered_branches": 5, "missing_branches": 1, "percent_branches_covered": 83.33333333333333, "percent_branches_covered_display": "83"}, "missing_lines": [132], "excluded_lines": [], "start_line": 120, "executed_branches": [[122, 123], [122, 124], [125, 126], [125, 128], [131, 133]], "missing_branches": [[131, 132]]}, "compute_distribution": {"executed_lines": [139, 140, 141, 142, 143, 144, 145], "summary": {"covered_lines": 7, "num_statements": 7, "percent_covered": 100.0, "percent_covered_display": "100", "missing_lines": 0, "excluded_lines": 0, "percent_statements_covered": 100.0, "percent_statements_covered_display": "100", "num_branches": 2, "num_partial_branches": 0, "covered_branches": 2, "missing_branches": 0, "percent_branches_covered": 100.0, "percent_branches_covered_display": "100"}, "missing_lines": [], "excluded_lines": [], "start_line": 138, "executed_branches": [[141, 142], [141, 145]], "missing_branches": []}, "": {"executed_lines": [1, 3, 4, 5, 6, 7, 8, 10, 11, 12, 13, 14, 17, 18, 21, 26, 40, 54, 61, 84, 106, 120, 138], "summary": {"covered_lines": 23, "num_statements": 23, "percent_covered": 100.0, "percent_covered_display": "100", "missing_lines": 0, "excluded_lines": 0, "percent_statements_covered": 100.0, "percent_statements_covered_display": "100", "num_branches": 0, "num_partial_branches": 0, "covered_branches": 0, "missing_branches": 0, "percent_branches_covered": 100.0, "percent_branches_covered_display": "100"}, "missing_lines": [], "excluded_lines": [], "start_line": 1, "executed_branches": [], "missing_branches": []}}, "classes": {"": {"executed_lines": [1, 3, 4, 5, 6, 7, 8, 10, 11, 12, 13, 14, 17, 18, 21, 22, 23, 26, 27, 28, 29, 30, 37, 40, 41, 42, 43, 44, 45, 46, 47, 48, 49, 50, 51, 54, 55, 56, 57, 58, 61, 62, 63, 64, 65, 66, 67, 69, 70, 71, 72, 73, 74, 75, 84, 85, 86, 87, 88, 89, 90, 91, 92, 93, 94, 95, 96, 97, 98, 99, 100, 101, 102, 103, 106, 107, 108, 109, 110, 111, 112, 113, 114, 115, 116, 117, 120, 121, 122, 123, 124, 125, 126, 127, 128, 129, 130, 131, 133, 134, 135, 138, 139, 140, 141, 142, 143, 144, 145], "summary": {"covered_lines": 109, "num_statements": 111, "percent_covered": 95.91836734693878, "percent_covered_display": "96", "missing_lines": 2, "excluded_lines": 0, "percent_statements_covered": 98.1981981981982, "percent_statements_covered_display": "98", "num_branches": 36, "num_partial_branches": 4, "covered_branches": 32, "missing_branches": 4, "percent_branches_covered": 88.88888888888889, "percent_branches_covered_display": "89"}, "missing_lines": [68, 132], "excluded_lines": [], "start_line": 1, "executed_branches": [[41, 42], [41, 45], [42, 43], [42, 44], [45, 46], [45, 50], [48, 45], [48, 49], [50, 51], [55, 56], [55, 57], [57, -54], [57, 58], [64, 65], [67, 69], [85, 86], [85, 87], [92, 93], [92, 103], [99, 100], [99, 102], [107, 108], [107, 109], [112, 113], [112, 117], [122, 123], [122, 124], [125, 126], [125, 128], [131, 133], [141, 142], [141, 145]], "missing_branches": [[50, -40], [64, 70], [67, 68], [131, 132]]}}}}, "totals": {"covered_lines": 2132, "num_statements": 2160, "percent_covered": 97.31363331094694, "percent_covered_display": "97", "missing_lines": 28, "excluded_lines": 14, "percent_statements_covered": 98.70370370370371, "percent_statements_covered_display": "99", "num_branches": 818, "num_partial_branches": 50, "covered_branches": 766, "missing_branches": 52, "percent_branches_covered": 93.64303178484107, "percent_branches_covered_display": "94"}}